This file contains any messages produced by compilers while
running configure, to aid debugging if configure makes a mistake.

It was created by gens configure 2.16.7, which was
generated by GNU Autoconf 2.63.  Invocation command line was

  $ ./configure --host=i686-linux-gnu --build=x86_64-linux-gnu --prefix=/usr --mandir=${prefix}/share/man --infodir=${prefix}/share/info CFLAGS= LDFLAGS=-Wl,-z,defs --disable-debug --enable-x86-asm --enable-debugger --enable-cdrom --enable-mp3 --with-opengl --with-zlib --with-png --enable-shared --disable-static

## --------- ##
## Platform. ##
## --------- ##

hostname = probook0
uname -m = x86_64
uname -r = 4.18.0-1-amd64
uname -s = Linux
uname -v = #1 SMP Debian 4.18.6-1 (2018-09-06)

/usr/bin/uname -p = unknown
/bin/uname -X     = unknown

/bin/arch              = unknown
/usr/bin/arch -k       = unknown
/usr/convex/getsysinfo = unknown
/usr/bin/hostinfo      = unknown
/bin/machine           = unknown
/usr/bin/oslevel       = unknown
/bin/universe          = unknown

PATH: /usr/sbin
PATH: /usr/bin
PATH: /sbin
PATH: /bin
PATH: /usr/bin/X11


## ----------- ##
## Core tests. ##
## ----------- ##

configure:2238: checking build system type
configure:2256: result: x86_64-pc-linux-gnu
configure:2278: checking host system type
configure:2293: result: i686-pc-linux-gnu
configure:2315: checking target system type
configure:2330: result: i686-pc-linux-gnu
configure:2376: checking for a BSD-compatible install
configure:2444: result: /usr/bin/install -c
configure:2455: checking whether build environment is sane
configure:2498: result: yes
configure:2523: checking for a thread-safe mkdir -p
configure:2562: result: /bin/mkdir -p
configure:2575: checking for gawk
configure:2591: found /usr/bin/gawk
configure:2602: result: gawk
configure:2613: checking whether make sets $(MAKE)
configure:2635: result: yes
configure:2715: checking for i686-linux-gnu-strip
configure:2745: result: no
configure:2755: checking for strip
configure:2771: found /usr/bin/strip
configure:2782: result: strip
configure:2794: WARNING: using cross tools not prefixed with host triplet
configure:2844: checking for style of include used by make
configure:2872: result: GNU
configure:2902: checking for i686-linux-gnu-gcc
configure:2932: result: no
configure:2942: checking for gcc
configure:2958: found /usr/bin/gcc
configure:2969: result: gcc
configure:3201: checking for C compiler version
configure:3209: gcc --version >&5
gcc (Debian 8.2.0-7) 8.2.0
Copyright (C) 2018 Free Software Foundation, Inc.
This is free software; see the source for copying conditions.  There is NO
warranty; not even for MERCHANTABILITY or FITNESS FOR A PARTICULAR PURPOSE.

configure:3213: $? = 0
configure:3220: gcc -v >&5
Using built-in specs.
COLLECT_GCC=gcc
COLLECT_LTO_WRAPPER=/usr/lib/gcc/x86_64-linux-gnu/8/lto-wrapper
OFFLOAD_TARGET_NAMES=nvptx-none
OFFLOAD_TARGET_DEFAULT=1
Target: x86_64-linux-gnu
Configured with: ../src/configure -v --with-pkgversion='Debian 8.2.0-7' --with-bugurl=file:///usr/share/doc/gcc-8/README.Bugs --enable-languages=c,ada,c++,go,brig,d,fortran,objc,obj-c++ --prefix=/usr --with-gcc-major-version-only --program-suffix=-8 --program-prefix=x86_64-linux-gnu- --enable-shared --enable-linker-build-id --libexecdir=/usr/lib --without-included-gettext --enable-threads=posix --libdir=/usr/lib --enable-nls --with-sysroot=/ --enable-clocale=gnu --enable-libstdcxx-debug --enable-libstdcxx-time=yes --with-default-libstdcxx-abi=new --enable-gnu-unique-object --disable-vtable-verify --enable-libmpx --enable-plugin --enable-default-pie --with-system-zlib --with-target-system-zlib --enable-objc-gc=auto --enable-multiarch --disable-werror --with-arch-32=i686 --with-abi=m64 --with-multilib-list=m32,m64,mx32 --enable-multilib --with-tune=generic --enable-offload-targets=nvptx-none --without-cuda-driver --enable-checking=release --build=x86_64-linux-gnu --host=x86_64-linux-gnu --target=x86_64-linux-gnu
Thread model: posix
gcc version 8.2.0 (Debian 8.2.0-7) 
configure:3224: $? = 0
configure:3231: gcc -V >&5
gcc: error: unrecognized command line option '-V'
gcc: fatal error: no input files
compilation terminated.
configure:3235: $? = 1
configure:3258: checking for C compiler default output file name
configure:3280: gcc   -Wl,-z,defs conftest.c  >&5
configure:3284: $? = 0
configure:3322: result: a.out
configure:3341: checking whether the C compiler works
configure:3374: result: yes
configure:3381: checking whether we are cross compiling
configure:3383: result: yes
configure:3386: checking for suffix of executables
configure:3393: gcc -o conftest   -Wl,-z,defs conftest.c  >&5
configure:3397: $? = 0
configure:3423: result: 
configure:3429: checking for suffix of object files
configure:3455: gcc -c   conftest.c >&5
configure:3459: $? = 0
configure:3484: result: o
configure:3488: checking whether we are using the GNU C compiler
configure:3517: gcc -c   conftest.c >&5
configure:3524: $? = 0
configure:3541: result: yes
configure:3550: checking whether gcc accepts -g
configure:3580: gcc -c -g  conftest.c >&5
configure:3587: $? = 0
configure:3688: result: yes
configure:3705: checking for gcc option to accept ISO C89
configure:3779: gcc  -c   conftest.c >&5
configure:3786: $? = 0
configure:3809: result: none needed
configure:3829: checking dependency style of gcc
configure:3920: result: gcc3
configure:3944: checking dependency style of gcc
configure:4035: result: gcc3
configure:4064: checking for i686-linux-gnu-g++
configure:4094: result: no
configure:4064: checking for i686-linux-gnu-c++
configure:4094: result: no
configure:4064: checking for i686-linux-gnu-gpp
configure:4094: result: no
configure:4064: checking for i686-linux-gnu-aCC
configure:4094: result: no
configure:4064: checking for i686-linux-gnu-CC
configure:4094: result: no
configure:4064: checking for i686-linux-gnu-cxx
configure:4094: result: no
configure:4064: checking for i686-linux-gnu-cc++
configure:4094: result: no
configure:4064: checking for i686-linux-gnu-cl.exe
configure:4094: result: no
configure:4064: checking for i686-linux-gnu-FCC
configure:4094: result: no
configure:4064: checking for i686-linux-gnu-KCC
configure:4094: result: no
configure:4064: checking for i686-linux-gnu-RCC
configure:4094: result: no
configure:4064: checking for i686-linux-gnu-xlC_r
configure:4094: result: no
configure:4064: checking for i686-linux-gnu-xlC
configure:4094: result: no
configure:4108: checking for g++
configure:4124: found /usr/bin/g++
configure:4135: result: g++
configure:4162: checking for C++ compiler version
configure:4170: g++ --version >&5
g++ (Debian 8.2.0-7) 8.2.0
Copyright (C) 2018 Free Software Foundation, Inc.
This is free software; see the source for copying conditions.  There is NO
warranty; not even for MERCHANTABILITY or FITNESS FOR A PARTICULAR PURPOSE.

configure:4174: $? = 0
configure:4181: g++ -v >&5
Using built-in specs.
COLLECT_GCC=g++
COLLECT_LTO_WRAPPER=/usr/lib/gcc/x86_64-linux-gnu/8/lto-wrapper
OFFLOAD_TARGET_NAMES=nvptx-none
OFFLOAD_TARGET_DEFAULT=1
Target: x86_64-linux-gnu
Configured with: ../src/configure -v --with-pkgversion='Debian 8.2.0-7' --with-bugurl=file:///usr/share/doc/gcc-8/README.Bugs --enable-languages=c,ada,c++,go,brig,d,fortran,objc,obj-c++ --prefix=/usr --with-gcc-major-version-only --program-suffix=-8 --program-prefix=x86_64-linux-gnu- --enable-shared --enable-linker-build-id --libexecdir=/usr/lib --without-included-gettext --enable-threads=posix --libdir=/usr/lib --enable-nls --with-sysroot=/ --enable-clocale=gnu --enable-libstdcxx-debug --enable-libstdcxx-time=yes --with-default-libstdcxx-abi=new --enable-gnu-unique-object --disable-vtable-verify --enable-libmpx --enable-plugin --enable-default-pie --with-system-zlib --with-target-system-zlib --enable-objc-gc=auto --enable-multiarch --disable-werror --with-arch-32=i686 --with-abi=m64 --with-multilib-list=m32,m64,mx32 --enable-multilib --with-tune=generic --enable-offload-targets=nvptx-none --without-cuda-driver --enable-checking=release --build=x86_64-linux-gnu --host=x86_64-linux-gnu --target=x86_64-linux-gnu
Thread model: posix
gcc version 8.2.0 (Debian 8.2.0-7) 
configure:4185: $? = 0
configure:4192: g++ -V >&5
g++: error: unrecognized command line option '-V'
g++: fatal error: no input files
compilation terminated.
configure:4196: $? = 1
configure:4199: checking whether we are using the GNU C++ compiler
configure:4228: g++ -c   conftest.cpp >&5
configure:4235: $? = 0
configure:4252: result: yes
configure:4261: checking whether g++ accepts -g
configure:4291: g++ -c -g  conftest.cpp >&5
configure:4298: $? = 0
configure:4399: result: yes
configure:4424: checking dependency style of g++
configure:4515: result: gcc3
configure:4534: checking for gawk
configure:4561: result: gawk
configure:4580: checking for i686-linux-gnu-gcc
configure:4607: result: gcc
configure:4879: checking for C compiler version
configure:4887: gcc --version >&5
gcc (Debian 8.2.0-7) 8.2.0
Copyright (C) 2018 Free Software Foundation, Inc.
This is free software; see the source for copying conditions.  There is NO
warranty; not even for MERCHANTABILITY or FITNESS FOR A PARTICULAR PURPOSE.

configure:4891: $? = 0
configure:4898: gcc -v >&5
Using built-in specs.
COLLECT_GCC=gcc
COLLECT_LTO_WRAPPER=/usr/lib/gcc/x86_64-linux-gnu/8/lto-wrapper
OFFLOAD_TARGET_NAMES=nvptx-none
OFFLOAD_TARGET_DEFAULT=1
Target: x86_64-linux-gnu
Configured with: ../src/configure -v --with-pkgversion='Debian 8.2.0-7' --with-bugurl=file:///usr/share/doc/gcc-8/README.Bugs --enable-languages=c,ada,c++,go,brig,d,fortran,objc,obj-c++ --prefix=/usr --with-gcc-major-version-only --program-suffix=-8 --program-prefix=x86_64-linux-gnu- --enable-shared --enable-linker-build-id --libexecdir=/usr/lib --without-included-gettext --enable-threads=posix --libdir=/usr/lib --enable-nls --with-sysroot=/ --enable-clocale=gnu --enable-libstdcxx-debug --enable-libstdcxx-time=yes --with-default-libstdcxx-abi=new --enable-gnu-unique-object --disable-vtable-verify --enable-libmpx --enable-plugin --enable-default-pie --with-system-zlib --with-target-system-zlib --enable-objc-gc=auto --enable-multiarch --disable-werror --with-arch-32=i686 --with-abi=m64 --with-multilib-list=m32,m64,mx32 --enable-multilib --with-tune=generic --enable-offload-targets=nvptx-none --without-cuda-driver --enable-checking=release --build=x86_64-linux-gnu --host=x86_64-linux-gnu --target=x86_64-linux-gnu
Thread model: posix
gcc version 8.2.0 (Debian 8.2.0-7) 
configure:4902: $? = 0
configure:4909: gcc -V >&5
gcc: error: unrecognized command line option '-V'
gcc: fatal error: no input files
compilation terminated.
configure:4913: $? = 1
configure:4916: checking whether we are using the GNU C compiler
configure:4969: result: yes
configure:4978: checking whether gcc accepts -g
configure:5116: result: yes
configure:5133: checking for gcc option to accept ISO C89
configure:5237: result: none needed
configure:5257: checking dependency style of gcc
configure:5348: result: gcc3
configure:5364: checking whether gcc and cc understand -c and -o together
configure:5399: gcc -c conftest.c -o conftest2.o >&5
configure:5403: $? = 0
configure:5409: gcc -c conftest.c -o conftest2.o >&5
configure:5413: $? = 0
configure:5424: cc -c conftest.c >&5
configure:5428: $? = 0
configure:5436: cc -c conftest.c -o conftest2.o >&5
configure:5440: $? = 0
configure:5446: cc -c conftest.c -o conftest2.o >&5
configure:5450: $? = 0
configure:5468: result: yes
configure:5500: checking how to run the C preprocessor
configure:5540: gcc -E  conftest.c
configure:5547: $? = 0
configure:5578: gcc -E  conftest.c
conftest.c:12:10: fatal error: ac_nonexistent.h: No such file or directory
 #include <ac_nonexistent.h>
          ^~~~~~~~~~~~~~~~~~
compilation terminated.
configure:5585: $? = 1
configure: failed program was:
| /* confdefs.h.  */
| #define PACKAGE_NAME "gens"
| #define PACKAGE_TARNAME "gens"
| #define PACKAGE_VERSION "2.16.7"
| #define PACKAGE_STRING "gens 2.16.7"
| #define PACKAGE_BUGREPORT "gerbilsoft@verizon.net"
| #define GENS_VERSION_WIN32 2,16,7,0
| #define GENS_GS_VERSION "r7"
| #define PACKAGE "gens"
| #define VERSION "2.16.7"
| /* end confdefs.h.  */
| #include <ac_nonexistent.h>
configure:5618: result: gcc -E
configure:5647: gcc -E  conftest.c
configure:5654: $? = 0
configure:5685: gcc -E  conftest.c
conftest.c:12:10: fatal error: ac_nonexistent.h: No such file or directory
 #include <ac_nonexistent.h>
          ^~~~~~~~~~~~~~~~~~
compilation terminated.
configure:5692: $? = 1
configure: failed program was:
| /* confdefs.h.  */
| #define PACKAGE_NAME "gens"
| #define PACKAGE_TARNAME "gens"
| #define PACKAGE_VERSION "2.16.7"
| #define PACKAGE_STRING "gens 2.16.7"
| #define PACKAGE_BUGREPORT "gerbilsoft@verizon.net"
| #define GENS_VERSION_WIN32 2,16,7,0
| #define GENS_GS_VERSION "r7"
| #define PACKAGE "gens"
| #define VERSION "2.16.7"
| /* end confdefs.h.  */
| #include <ac_nonexistent.h>
configure:5745: checking for a BSD-compatible install
configure:5813: result: /usr/bin/install -c
configure:5824: checking whether ln -s works
configure:5828: result: yes
configure:5835: checking whether make sets $(MAKE)
configure:5857: result: yes
configure:5869: checking for i686-linux-gnu-ranlib
configure:5899: result: no
configure:5909: checking for ranlib
configure:5925: found /usr/bin/ranlib
configure:5936: result: ranlib
configure:5958: checking for a thread-safe mkdir -p
configure:5997: result: /bin/mkdir -p
configure:6025: checking for a sed that does not truncate output
configure:6091: result: /bin/sed
configure:6109: checking for grep that handles long lines and -e
configure:6169: result: /bin/grep
configure:6174: checking for egrep
configure:6238: result: /bin/grep -E
configure:6243: checking for fgrep
configure:6307: result: /bin/grep -F
configure:6342: checking for ld used by gcc
configure:6409: result: /usr/bin/ld
configure:6418: checking if the linker (/usr/bin/ld) is GNU ld
configure:6433: result: yes
configure:6445: checking for BSD- or MS-compatible name lister (nm)
configure:6494: result: no
configure:6505: checking for i686-linux-gnu-dumpbin
configure:6535: result: no
configure:6505: checking for i686-linux-gnu-link
configure:6535: result: no
configure:6549: checking for dumpbin
configure:6579: result: no
configure:6549: checking for link
configure:6565: found /usr/bin/link
configure:6576: result: link -dump -symbols
configure:6612: checking the name lister (link -dump -symbols) interface
configure:6619: gcc -c   conftest.c >&5
configure:6622: link -dump -symbols "conftest.o"
link: invalid option -- 'd'
Try 'link --help' for more information.
configure:6625: output
configure:6632: result: BSD nm
configure:6636: checking the maximum length of command line arguments
configure:6756: result: 1572864
configure:6773: checking whether the shell understands some XSI constructs
configure:6783: result: yes
configure:6787: checking whether the shell understands "+="
configure:6793: result: yes
configure:6828: checking for /usr/bin/ld option to reload object files
configure:6835: result: -r
configure:6864: checking for i686-linux-gnu-objdump
configure:6894: result: no
configure:6904: checking for objdump
configure:6920: found /usr/bin/objdump
configure:6931: result: objdump
configure:6963: checking how to recognize dependent libraries
configure:7159: result: pass_all
configure:7179: checking for i686-linux-gnu-ar
configure:7209: result: no
configure:7219: checking for ar
configure:7235: found /usr/bin/ar
configure:7246: result: ar
configure:7284: checking for i686-linux-gnu-strip
configure:7311: result: strip
configure:7383: checking for i686-linux-gnu-ranlib
configure:7410: result: ranlib
configure:7540: checking command to parse link -dump -symbols output from gcc object
configure:7658: gcc -c   conftest.c >&5
configure:7661: $? = 0
configure:7665: link -dump -symbols conftest.o \| sed -n -e 's/^.*[	 ]\([BCDEGRST][BCDEGRST]*\)[	 ][	 ]*\([_A-Za-z][_A-Za-z0-9]*\)$/\1 \2 \2/p' \> conftest.nm
link: invalid option -- 'd'
Try 'link --help' for more information.
configure:7668: $? = 0
cannot run sed -n -e 's/^.*[	 ]\([BCDEGRST][BCDEGRST]*\)[	 ][	 ]*\([_A-Za-z][_A-Za-z0-9]*\)$/\1 \2 \2/p'
configure:7658: gcc -c   conftest.c >&5
configure:7661: $? = 0
configure:7665: link -dump -symbols conftest.o \| sed -n -e 's/^.*[	 ]\([BCDEGRST][BCDEGRST]*\)[	 ][	 ]*_\([_A-Za-z][_A-Za-z0-9]*\)$/\1 _\2 \2/p' \> conftest.nm
link: invalid option -- 'd'
Try 'link --help' for more information.
configure:7668: $? = 0
cannot run sed -n -e 's/^.*[	 ]\([BCDEGRST][BCDEGRST]*\)[	 ][	 ]*_\([_A-Za-z][_A-Za-z0-9]*\)$/\1 _\2 \2/p'
configure:7760: result: failed
configure:8626: checking for ANSI C header files
configure:8656: gcc -c   conftest.c >&5
configure:8663: $? = 0
configure:8794: result: yes
configure:8818: checking for sys/types.h
configure:8839: gcc -c   conftest.c >&5
configure:8846: $? = 0
configure:8863: result: yes
configure:8818: checking for sys/stat.h
configure:8839: gcc -c   conftest.c >&5
configure:8846: $? = 0
configure:8863: result: yes
configure:8818: checking for stdlib.h
configure:8839: gcc -c   conftest.c >&5
configure:8846: $? = 0
configure:8863: result: yes
configure:8818: checking for string.h
configure:8839: gcc -c   conftest.c >&5
configure:8846: $? = 0
configure:8863: result: yes
configure:8818: checking for memory.h
configure:8839: gcc -c   conftest.c >&5
configure:8846: $? = 0
configure:8863: result: yes
configure:8818: checking for strings.h
configure:8839: gcc -c   conftest.c >&5
configure:8846: $? = 0
configure:8863: result: yes
configure:8818: checking for inttypes.h
configure:8839: gcc -c   conftest.c >&5
configure:8846: $? = 0
configure:8863: result: yes
configure:8818: checking for stdint.h
configure:8839: gcc -c   conftest.c >&5
configure:8846: $? = 0
configure:8863: result: yes
configure:8818: checking for unistd.h
configure:8839: gcc -c   conftest.c >&5
configure:8846: $? = 0
configure:8863: result: yes
configure:8881: checking for dlfcn.h
configure:8902: gcc -c   conftest.c >&5
configure:8909: $? = 0
configure:8926: result: yes
configure:9053: checking for C++ compiler version
configure:9061: g++ --version >&5
g++ (Debian 8.2.0-7) 8.2.0
Copyright (C) 2018 Free Software Foundation, Inc.
This is free software; see the source for copying conditions.  There is NO
warranty; not even for MERCHANTABILITY or FITNESS FOR A PARTICULAR PURPOSE.

configure:9065: $? = 0
configure:9072: g++ -v >&5
Using built-in specs.
COLLECT_GCC=g++
COLLECT_LTO_WRAPPER=/usr/lib/gcc/x86_64-linux-gnu/8/lto-wrapper
OFFLOAD_TARGET_NAMES=nvptx-none
OFFLOAD_TARGET_DEFAULT=1
Target: x86_64-linux-gnu
Configured with: ../src/configure -v --with-pkgversion='Debian 8.2.0-7' --with-bugurl=file:///usr/share/doc/gcc-8/README.Bugs --enable-languages=c,ada,c++,go,brig,d,fortran,objc,obj-c++ --prefix=/usr --with-gcc-major-version-only --program-suffix=-8 --program-prefix=x86_64-linux-gnu- --enable-shared --enable-linker-build-id --libexecdir=/usr/lib --without-included-gettext --enable-threads=posix --libdir=/usr/lib --enable-nls --with-sysroot=/ --enable-clocale=gnu --enable-libstdcxx-debug --enable-libstdcxx-time=yes --with-default-libstdcxx-abi=new --enable-gnu-unique-object --disable-vtable-verify --enable-libmpx --enable-plugin --enable-default-pie --with-system-zlib --with-target-system-zlib --enable-objc-gc=auto --enable-multiarch --disable-werror --with-arch-32=i686 --with-abi=m64 --with-multilib-list=m32,m64,mx32 --enable-multilib --with-tune=generic --enable-offload-targets=nvptx-none --without-cuda-driver --enable-checking=release --build=x86_64-linux-gnu --host=x86_64-linux-gnu --target=x86_64-linux-gnu
Thread model: posix
gcc version 8.2.0 (Debian 8.2.0-7) 
configure:9076: $? = 0
configure:9083: g++ -V >&5
g++: error: unrecognized command line option '-V'
g++: fatal error: no input files
compilation terminated.
configure:9087: $? = 1
configure:9090: checking whether we are using the GNU C++ compiler
configure:9143: result: yes
configure:9152: checking whether g++ accepts -g
configure:9290: result: yes
configure:9315: checking dependency style of g++
configure:9406: result: gcc3
configure:9429: checking how to run the C++ preprocessor
configure:9465: g++ -E  conftest.cpp
configure:9472: $? = 0
configure:9503: g++ -E  conftest.cpp
conftest.cpp:23:10: fatal error: ac_nonexistent.h: No such file or directory
 #include <ac_nonexistent.h>
          ^~~~~~~~~~~~~~~~~~
compilation terminated.
configure:9510: $? = 1
configure: failed program was:
| /* confdefs.h.  */
| #define PACKAGE_NAME "gens"
| #define PACKAGE_TARNAME "gens"
| #define PACKAGE_VERSION "2.16.7"
| #define PACKAGE_STRING "gens 2.16.7"
| #define PACKAGE_BUGREPORT "gerbilsoft@verizon.net"
| #define GENS_VERSION_WIN32 2,16,7,0
| #define GENS_GS_VERSION "r7"
| #define PACKAGE "gens"
| #define VERSION "2.16.7"
| #define STDC_HEADERS 1
| #define HAVE_SYS_TYPES_H 1
| #define HAVE_SYS_STAT_H 1
| #define HAVE_STDLIB_H 1
| #define HAVE_STRING_H 1
| #define HAVE_MEMORY_H 1
| #define HAVE_STRINGS_H 1
| #define HAVE_INTTYPES_H 1
| #define HAVE_STDINT_H 1
| #define HAVE_UNISTD_H 1
| #define HAVE_DLFCN_H 1
| /* end confdefs.h.  */
| #include <ac_nonexistent.h>
configure:9543: result: g++ -E
configure:9572: g++ -E  conftest.cpp
configure:9579: $? = 0
configure:9610: g++ -E  conftest.cpp
conftest.cpp:23:10: fatal error: ac_nonexistent.h: No such file or directory
 #include <ac_nonexistent.h>
          ^~~~~~~~~~~~~~~~~~
compilation terminated.
configure:9617: $? = 1
configure: failed program was:
| /* confdefs.h.  */
| #define PACKAGE_NAME "gens"
| #define PACKAGE_TARNAME "gens"
| #define PACKAGE_VERSION "2.16.7"
| #define PACKAGE_STRING "gens 2.16.7"
| #define PACKAGE_BUGREPORT "gerbilsoft@verizon.net"
| #define GENS_VERSION_WIN32 2,16,7,0
| #define GENS_GS_VERSION "r7"
| #define PACKAGE "gens"
| #define VERSION "2.16.7"
| #define STDC_HEADERS 1
| #define HAVE_SYS_TYPES_H 1
| #define HAVE_SYS_STAT_H 1
| #define HAVE_STDLIB_H 1
| #define HAVE_STRING_H 1
| #define HAVE_MEMORY_H 1
| #define HAVE_STRINGS_H 1
| #define HAVE_INTTYPES_H 1
| #define HAVE_STDINT_H 1
| #define HAVE_UNISTD_H 1
| #define HAVE_DLFCN_H 1
| /* end confdefs.h.  */
| #include <ac_nonexistent.h>
configure:9831: checking for objdir
configure:9846: result: .libs
configure:10142: checking if gcc supports -fno-rtti -fno-exceptions
configure:10160: gcc -c   -fno-rtti -fno-exceptions conftest.c >&5
cc1: warning: command line option '-fno-rtti' is valid for C++/ObjC++ but not for C
configure:10164: $? = 0
configure:10177: result: no
configure:10197: checking for gcc option to produce PIC
configure:10469: result: -fPIC -DPIC
configure:10481: checking if gcc PIC flag -fPIC -DPIC works
configure:10499: gcc -c   -fPIC -DPIC -DPIC conftest.c >&5
configure:10503: $? = 0
configure:10516: result: yes
configure:10540: checking if gcc static flag -static works
configure:10568: result: yes
configure:10583: checking if gcc supports -c -o file.o
configure:10604: gcc -c   -o out/conftest2.o conftest.c >&5
configure:10608: $? = 0
configure:10630: result: yes
configure:10638: checking if gcc supports -c -o file.o
configure:10685: result: yes
configure:10718: checking whether the gcc linker (/usr/bin/ld) supports shared libraries
configure:11792: result: yes
configure:11829: checking whether -lc should be explicitly linked in
configure:11834: gcc -c   conftest.c >&5
configure:11837: $? = 0
configure:11852: gcc -shared conftest.o  -v -Wl,-soname -Wl,conftest -o conftest 2\>\&1 \| /bin/grep  -lc  \>/dev/null 2\>\&1
configure:11855: $? = 0
configure:11867: result: no
configure:12031: checking dynamic linker characteristics
configure:12487: gcc -o conftest   -Wl,-z,defs -Wl,-rpath -Wl,/foo conftest.c  >&5
configure:12494: $? = 0
configure:12727: result: GNU/Linux ld.so
configure:12829: checking how to hardcode library paths into programs
configure:12854: result: immediate
configure:13687: checking whether stripping libraries is possible
configure:13692: result: yes
configure:13727: checking if libtool supports shared libraries
configure:13729: result: yes
configure:13732: checking whether to build shared libraries
configure:13753: result: yes
configure:13756: checking whether to build static libraries
configure:13760: result: no
configure:13910: checking for ld used by g++
configure:13977: result: /usr/bin/ld
configure:13986: checking if the linker (/usr/bin/ld) is GNU ld
configure:14001: result: yes
configure:14056: checking whether the g++ linker (/usr/bin/ld) supports shared libraries
configure:15031: result: yes
configure:15059: g++ -c -g -O2  conftest.cpp >&5
configure:15062: $? = 0
configure:15244: checking for g++ option to produce PIC
configure:15561: result: -fPIC -DPIC
configure:15570: checking if g++ PIC flag -fPIC -DPIC works
configure:15588: g++ -c -g -O2  -fPIC -DPIC -DPIC conftest.cpp >&5
configure:15592: $? = 0
configure:15605: result: yes
configure:15626: checking if g++ static flag -static works
configure:15654: result: yes
configure:15666: checking if g++ supports -c -o file.o
configure:15687: g++ -c -g -O2  -o out/conftest2.o conftest.cpp >&5
configure:15691: $? = 0
configure:15713: result: yes
configure:15718: checking if g++ supports -c -o file.o
configure:15765: result: yes
configure:15795: checking whether the g++ linker (/usr/bin/ld) supports shared libraries
configure:15821: result: yes
configure:15958: checking dynamic linker characteristics
configure:16362: g++ -o conftest -g -O2  -Wl,-z,defs -Wl,-rpath -Wl,/foo conftest.cpp  >&5
configure:16369: $? = 0
configure:16602: result: GNU/Linux ld.so
configure:16653: checking how to hardcode library paths into programs
configure:16678: result: immediate
configure:16738: checking for gcc option to accept ISO C99
configure:16897: gcc  -c   conftest.c >&5
configure:16904: $? = 0
configure:16927: result: none needed
configure:17203: checking for i686-linux-gnu-pkg-config
configure:17221: found /usr/bin/i686-linux-gnu-pkg-config
configure:17233: result: /usr/bin/i686-linux-gnu-pkg-config
configure:17301: checking pkg-config is at least version 0.9.0
configure:17304: result: yes
configure:17315: checking for X11
configure:17322: $PKG_CONFIG --exists --print-errors "x11"
configure:17325: $? = 0
configure:17338: $PKG_CONFIG --exists --print-errors "x11"
configure:17341: $? = 0
configure:17376: result: yes
configure:17425: checking for pkg-config
configure:17456: result: /usr/bin/i686-linux-gnu-pkg-config
configure:17478: checking for GTK+ - version >= 2.4.0
configure:17633: result: yes (version 2.24.32)
configure:17793: checking for sdl-config
configure:17811: found /usr/bin/sdl-config
configure:17824: result: /usr/bin/sdl-config
configure:17833: checking for SDL - version >= 1.1.3
configure:17966: result: yes
configure:18303: checking for nasm
configure:18321: found /usr/bin/nasm
configure:18334: result: /usr/bin/nasm
configure:18505: checking for OpenGL support
configure:18544: gcc -c   conftest.c >&5
configure:18551: $? = 0
configure:18567: result: yes
configure:18625: checking for system zlib
configure:18653: gcc -c   conftest.c >&5
configure:18660: $? = 0
configure:18676: result: yes
configure:18753: checking for system libpng
configure:18781: gcc -c   conftest.c >&5
configure:18788: $? = 0
configure:18804: result: yes
configure:18817: checking if libpng should be linked at compile time
configure:18821: result: yes
configure:18918: checking for gcc -fvisibility-inlines-hidden support
configure:18955: gcc -c   conftest.c >&5
configure:18962: $? = 0
configure:18978: result: yes
configure:18993: checking for hash table type
configure:19026: g++ -c -g -O2  conftest.cpp >&5
configure:19033: $? = 0
configure:19150: result: TR1 unordered_map
configure:19233: checking whether gcc accepts -Wall
configure:19270: gcc -o conftest -Wall  -Wl,-z,defs conftest.c  >&5
configure:19277: $? = 0
configure:19306: result: yes
configure:19318: checking whether g++ accepts -Wall
configure:19355: g++ -o conftest -Wall  -Wl,-z,defs conftest.cpp  >&5
configure:19362: $? = 0
configure:19391: result: yes
configure:19404: checking whether gcc accepts -Wextra
configure:19441: gcc -o conftest -Wextra  -Wl,-z,defs conftest.c  >&5
configure:19448: $? = 0
configure:19477: result: yes
configure:19489: checking whether g++ accepts -Wextra
configure:19526: g++ -o conftest -Wextra  -Wl,-z,defs conftest.cpp  >&5
configure:19533: $? = 0
configure:19562: result: yes
configure:19577: checking whether /usr/bin/ld accepts --as-needed
configure:19614: gcc -o conftest   -Wl,--as-needed conftest.c  >&5
configure:19621: $? = 0
configure:19650: result: yes
configure:19662: checking whether /usr/bin/ld accepts --hash-style=both
configure:19699: gcc -o conftest   -Wl,--hash-style=both conftest.c  >&5
configure:19706: $? = 0
configure:19735: result: yes
configure:19750: checking for clock_gettime in -lrt
configure:19785: gcc -o conftest   -Wl,-z,defs conftest.c -lrt   >&5
configure:19792: $? = 0
configure:19813: result: yes
configure:19844: checking for stdbool.h that conforms to C99
configure:19939: gcc -c   conftest.c >&5
configure:19946: $? = 0
configure:19961: result: yes
configure:19963: checking for _Bool
configure:19991: gcc -c   conftest.c >&5
configure:19998: $? = 0
configure:20025: gcc -c   conftest.c >&5
conftest.c: In function 'main':
conftest.c:75:20: error: expected expression before ')' token
 if (sizeof ((_Bool)))
                    ^
configure:20032: $? = 1
configure: failed program was:
| /* confdefs.h.  */
| #define PACKAGE_NAME "gens"
| #define PACKAGE_TARNAME "gens"
| #define PACKAGE_VERSION "2.16.7"
| #define PACKAGE_STRING "gens 2.16.7"
| #define PACKAGE_BUGREPORT "gerbilsoft@verizon.net"
| #define GENS_VERSION_WIN32 2,16,7,0
| #define GENS_GS_VERSION "r7"
| #define PACKAGE "gens"
| #define VERSION "2.16.7"
| #define STDC_HEADERS 1
| #define HAVE_SYS_TYPES_H 1
| #define HAVE_SYS_STAT_H 1
| #define HAVE_STDLIB_H 1
| #define HAVE_STRING_H 1
| #define HAVE_MEMORY_H 1
| #define HAVE_STRINGS_H 1
| #define HAVE_INTTYPES_H 1
| #define HAVE_STDINT_H 1
| #define HAVE_UNISTD_H 1
| #define HAVE_DLFCN_H 1
| #define LT_OBJDIR ".libs/"
| #define GENS_OS_LINUX 1
| #define GENS_OS_UNIX 1
| #define GENS_PLATFORM "Linux"
| #define HAVE_LIBX11 1
| #define GENS_UI_GTK 1
| #define GENS_X86_ASM 1
| #define GENS_DEBUGGER 1
| #define GENS_CDROM 1
| #define GENS_MP3 1
| #define GENS_OPENGL 1
| #define GENS_ZLIB 1
| #define GENS_PNG 1
| #define GENS_LZMA 1
| #define GSFT_HASHTABLE_TR1_UNORDERED_MAP 1
| #define HAVE_LIBRT 1
| /* end confdefs.h.  */
| #include <stdio.h>
| #ifdef HAVE_SYS_TYPES_H
| # include <sys/types.h>
| #endif
| #ifdef HAVE_SYS_STAT_H
| # include <sys/stat.h>
| #endif
| #ifdef STDC_HEADERS
| # include <stdlib.h>
| # include <stddef.h>
| #else
| # ifdef HAVE_STDLIB_H
| #  include <stdlib.h>
| # endif
| #endif
| #ifdef HAVE_STRING_H
| # if !defined STDC_HEADERS && defined HAVE_MEMORY_H
| #  include <memory.h>
| # endif
| # include <string.h>
| #endif
| #ifdef HAVE_STRINGS_H
| # include <strings.h>
| #endif
| #ifdef HAVE_INTTYPES_H
| # include <inttypes.h>
| #endif
| #ifdef HAVE_STDINT_H
| # include <stdint.h>
| #endif
| #ifdef HAVE_UNISTD_H
| # include <unistd.h>
| #endif
| int
| main ()
| {
| if (sizeof ((_Bool)))
| 	  return 0;
|   ;
|   return 0;
| }
configure:20055: result: yes
configure:20074: checking for inline
configure:20100: gcc -c   conftest.c >&5
configure:20107: $? = 0
configure:20125: result: inline
configure:20145: checking for int16_t
configure:20176: gcc -c   conftest.c >&5
configure:20183: $? = 0
configure:20212: gcc -c   conftest.c >&5
conftest.c: In function 'main':
conftest.c:77:12: error: size of array 'test_array' is negative
 static int test_array [1 - 2 * !((int16_t) ((((int16_t) 1 << (16 - 2)) - 1) * 2 + 1)
            ^~~~~~~~~~
configure:20219: $? = 1
configure: failed program was:
| /* confdefs.h.  */
| #define PACKAGE_NAME "gens"
| #define PACKAGE_TARNAME "gens"
| #define PACKAGE_VERSION "2.16.7"
| #define PACKAGE_STRING "gens 2.16.7"
| #define PACKAGE_BUGREPORT "gerbilsoft@verizon.net"
| #define GENS_VERSION_WIN32 2,16,7,0
| #define GENS_GS_VERSION "r7"
| #define PACKAGE "gens"
| #define VERSION "2.16.7"
| #define STDC_HEADERS 1
| #define HAVE_SYS_TYPES_H 1
| #define HAVE_SYS_STAT_H 1
| #define HAVE_STDLIB_H 1
| #define HAVE_STRING_H 1
| #define HAVE_MEMORY_H 1
| #define HAVE_STRINGS_H 1
| #define HAVE_INTTYPES_H 1
| #define HAVE_STDINT_H 1
| #define HAVE_UNISTD_H 1
| #define HAVE_DLFCN_H 1
| #define LT_OBJDIR ".libs/"
| #define GENS_OS_LINUX 1
| #define GENS_OS_UNIX 1
| #define GENS_PLATFORM "Linux"
| #define HAVE_LIBX11 1
| #define GENS_UI_GTK 1
| #define GENS_X86_ASM 1
| #define GENS_DEBUGGER 1
| #define GENS_CDROM 1
| #define GENS_MP3 1
| #define GENS_OPENGL 1
| #define GENS_ZLIB 1
| #define GENS_PNG 1
| #define GENS_LZMA 1
| #define GSFT_HASHTABLE_TR1_UNORDERED_MAP 1
| #define HAVE_LIBRT 1
| #define HAVE__BOOL 1
| #define HAVE_STDBOOL_H 1
| /* end confdefs.h.  */
| #include <stdio.h>
| #ifdef HAVE_SYS_TYPES_H
| # include <sys/types.h>
| #endif
| #ifdef HAVE_SYS_STAT_H
| # include <sys/stat.h>
| #endif
| #ifdef STDC_HEADERS
| # include <stdlib.h>
| # include <stddef.h>
| #else
| # ifdef HAVE_STDLIB_H
| #  include <stdlib.h>
| # endif
| #endif
| #ifdef HAVE_STRING_H
| # if !defined STDC_HEADERS && defined HAVE_MEMORY_H
| #  include <memory.h>
| # endif
| # include <string.h>
| #endif
| #ifdef HAVE_STRINGS_H
| # include <strings.h>
| #endif
| #ifdef HAVE_INTTYPES_H
| # include <inttypes.h>
| #endif
| #ifdef HAVE_STDINT_H
| # include <stdint.h>
| #endif
| #ifdef HAVE_UNISTD_H
| # include <unistd.h>
| #endif
| int
| main ()
| {
| static int test_array [1 - 2 * !((int16_t) ((((int16_t) 1 << (16 - 2)) - 1) * 2 + 1)
| 		 < (int16_t) ((((int16_t) 1 << (16 - 2)) - 1) * 2 + 2))];
| test_array [0] = 0
| 
|   ;
|   return 0;
| }
configure:20248: result: yes
configure:20261: checking for int32_t
configure:20292: gcc -c   conftest.c >&5
configure:20299: $? = 0
configure:20328: gcc -c   conftest.c >&5
conftest.c: In function 'main':
conftest.c:78:53: warning: integer overflow in expression of type 'int' results in '-2147483648' [-Woverflow]
    < (int32_t) ((((int32_t) 1 << (32 - 2)) - 1) * 2 + 2))];
                                                     ^
conftest.c:77:12: error: storage size of 'test_array' isn't constant
 static int test_array [1 - 2 * !((int32_t) ((((int32_t) 1 << (32 - 2)) - 1) * 2 + 1)
            ^~~~~~~~~~
configure:20335: $? = 1
configure: failed program was:
| /* confdefs.h.  */
| #define PACKAGE_NAME "gens"
| #define PACKAGE_TARNAME "gens"
| #define PACKAGE_VERSION "2.16.7"
| #define PACKAGE_STRING "gens 2.16.7"
| #define PACKAGE_BUGREPORT "gerbilsoft@verizon.net"
| #define GENS_VERSION_WIN32 2,16,7,0
| #define GENS_GS_VERSION "r7"
| #define PACKAGE "gens"
| #define VERSION "2.16.7"
| #define STDC_HEADERS 1
| #define HAVE_SYS_TYPES_H 1
| #define HAVE_SYS_STAT_H 1
| #define HAVE_STDLIB_H 1
| #define HAVE_STRING_H 1
| #define HAVE_MEMORY_H 1
| #define HAVE_STRINGS_H 1
| #define HAVE_INTTYPES_H 1
| #define HAVE_STDINT_H 1
| #define HAVE_UNISTD_H 1
| #define HAVE_DLFCN_H 1
| #define LT_OBJDIR ".libs/"
| #define GENS_OS_LINUX 1
| #define GENS_OS_UNIX 1
| #define GENS_PLATFORM "Linux"
| #define HAVE_LIBX11 1
| #define GENS_UI_GTK 1
| #define GENS_X86_ASM 1
| #define GENS_DEBUGGER 1
| #define GENS_CDROM 1
| #define GENS_MP3 1
| #define GENS_OPENGL 1
| #define GENS_ZLIB 1
| #define GENS_PNG 1
| #define GENS_LZMA 1
| #define GSFT_HASHTABLE_TR1_UNORDERED_MAP 1
| #define HAVE_LIBRT 1
| #define HAVE__BOOL 1
| #define HAVE_STDBOOL_H 1
| /* end confdefs.h.  */
| #include <stdio.h>
| #ifdef HAVE_SYS_TYPES_H
| # include <sys/types.h>
| #endif
| #ifdef HAVE_SYS_STAT_H
| # include <sys/stat.h>
| #endif
| #ifdef STDC_HEADERS
| # include <stdlib.h>
| # include <stddef.h>
| #else
| # ifdef HAVE_STDLIB_H
| #  include <stdlib.h>
| # endif
| #endif
| #ifdef HAVE_STRING_H
| # if !defined STDC_HEADERS && defined HAVE_MEMORY_H
| #  include <memory.h>
| # endif
| # include <string.h>
| #endif
| #ifdef HAVE_STRINGS_H
| # include <strings.h>
| #endif
| #ifdef HAVE_INTTYPES_H
| # include <inttypes.h>
| #endif
| #ifdef HAVE_STDINT_H
| # include <stdint.h>
| #endif
| #ifdef HAVE_UNISTD_H
| # include <unistd.h>
| #endif
| int
| main ()
| {
| static int test_array [1 - 2 * !((int32_t) ((((int32_t) 1 << (32 - 2)) - 1) * 2 + 1)
| 		 < (int32_t) ((((int32_t) 1 << (32 - 2)) - 1) * 2 + 2))];
| test_array [0] = 0
| 
|   ;
|   return 0;
| }
configure:20364: result: yes
configure:20377: checking for int64_t
configure:20408: gcc -c   conftest.c >&5
configure:20415: $? = 0
configure:20444: gcc -c   conftest.c >&5
conftest.c: In function 'main':
conftest.c:78:53: warning: integer overflow in expression of type 'long int' results in '-9223372036854775808' [-Woverflow]
    < (int64_t) ((((int64_t) 1 << (64 - 2)) - 1) * 2 + 2))];
                                                     ^
conftest.c:77:12: error: storage size of 'test_array' isn't constant
 static int test_array [1 - 2 * !((int64_t) ((((int64_t) 1 << (64 - 2)) - 1) * 2 + 1)
            ^~~~~~~~~~
configure:20451: $? = 1
configure: failed program was:
| /* confdefs.h.  */
| #define PACKAGE_NAME "gens"
| #define PACKAGE_TARNAME "gens"
| #define PACKAGE_VERSION "2.16.7"
| #define PACKAGE_STRING "gens 2.16.7"
| #define PACKAGE_BUGREPORT "gerbilsoft@verizon.net"
| #define GENS_VERSION_WIN32 2,16,7,0
| #define GENS_GS_VERSION "r7"
| #define PACKAGE "gens"
| #define VERSION "2.16.7"
| #define STDC_HEADERS 1
| #define HAVE_SYS_TYPES_H 1
| #define HAVE_SYS_STAT_H 1
| #define HAVE_STDLIB_H 1
| #define HAVE_STRING_H 1
| #define HAVE_MEMORY_H 1
| #define HAVE_STRINGS_H 1
| #define HAVE_INTTYPES_H 1
| #define HAVE_STDINT_H 1
| #define HAVE_UNISTD_H 1
| #define HAVE_DLFCN_H 1
| #define LT_OBJDIR ".libs/"
| #define GENS_OS_LINUX 1
| #define GENS_OS_UNIX 1
| #define GENS_PLATFORM "Linux"
| #define HAVE_LIBX11 1
| #define GENS_UI_GTK 1
| #define GENS_X86_ASM 1
| #define GENS_DEBUGGER 1
| #define GENS_CDROM 1
| #define GENS_MP3 1
| #define GENS_OPENGL 1
| #define GENS_ZLIB 1
| #define GENS_PNG 1
| #define GENS_LZMA 1
| #define GSFT_HASHTABLE_TR1_UNORDERED_MAP 1
| #define HAVE_LIBRT 1
| #define HAVE__BOOL 1
| #define HAVE_STDBOOL_H 1
| /* end confdefs.h.  */
| #include <stdio.h>
| #ifdef HAVE_SYS_TYPES_H
| # include <sys/types.h>
| #endif
| #ifdef HAVE_SYS_STAT_H
| # include <sys/stat.h>
| #endif
| #ifdef STDC_HEADERS
| # include <stdlib.h>
| # include <stddef.h>
| #else
| # ifdef HAVE_STDLIB_H
| #  include <stdlib.h>
| # endif
| #endif
| #ifdef HAVE_STRING_H
| # if !defined STDC_HEADERS && defined HAVE_MEMORY_H
| #  include <memory.h>
| # endif
| # include <string.h>
| #endif
| #ifdef HAVE_STRINGS_H
| # include <strings.h>
| #endif
| #ifdef HAVE_INTTYPES_H
| # include <inttypes.h>
| #endif
| #ifdef HAVE_STDINT_H
| # include <stdint.h>
| #endif
| #ifdef HAVE_UNISTD_H
| # include <unistd.h>
| #endif
| int
| main ()
| {
| static int test_array [1 - 2 * !((int64_t) ((((int64_t) 1 << (64 - 2)) - 1) * 2 + 1)
| 		 < (int64_t) ((((int64_t) 1 << (64 - 2)) - 1) * 2 + 2))];
| test_array [0] = 0
| 
|   ;
|   return 0;
| }
configure:20480: result: yes
configure:20493: checking for int8_t
configure:20524: gcc -c   conftest.c >&5
configure:20531: $? = 0
configure:20560: gcc -c   conftest.c >&5
conftest.c: In function 'main':
conftest.c:77:12: error: size of array 'test_array' is negative
 static int test_array [1 - 2 * !((int8_t) ((((int8_t) 1 << (8 - 2)) - 1) * 2 + 1)
            ^~~~~~~~~~
configure:20567: $? = 1
configure: failed program was:
| /* confdefs.h.  */
| #define PACKAGE_NAME "gens"
| #define PACKAGE_TARNAME "gens"
| #define PACKAGE_VERSION "2.16.7"
| #define PACKAGE_STRING "gens 2.16.7"
| #define PACKAGE_BUGREPORT "gerbilsoft@verizon.net"
| #define GENS_VERSION_WIN32 2,16,7,0
| #define GENS_GS_VERSION "r7"
| #define PACKAGE "gens"
| #define VERSION "2.16.7"
| #define STDC_HEADERS 1
| #define HAVE_SYS_TYPES_H 1
| #define HAVE_SYS_STAT_H 1
| #define HAVE_STDLIB_H 1
| #define HAVE_STRING_H 1
| #define HAVE_MEMORY_H 1
| #define HAVE_STRINGS_H 1
| #define HAVE_INTTYPES_H 1
| #define HAVE_STDINT_H 1
| #define HAVE_UNISTD_H 1
| #define HAVE_DLFCN_H 1
| #define LT_OBJDIR ".libs/"
| #define GENS_OS_LINUX 1
| #define GENS_OS_UNIX 1
| #define GENS_PLATFORM "Linux"
| #define HAVE_LIBX11 1
| #define GENS_UI_GTK 1
| #define GENS_X86_ASM 1
| #define GENS_DEBUGGER 1
| #define GENS_CDROM 1
| #define GENS_MP3 1
| #define GENS_OPENGL 1
| #define GENS_ZLIB 1
| #define GENS_PNG 1
| #define GENS_LZMA 1
| #define GSFT_HASHTABLE_TR1_UNORDERED_MAP 1
| #define HAVE_LIBRT 1
| #define HAVE__BOOL 1
| #define HAVE_STDBOOL_H 1
| /* end confdefs.h.  */
| #include <stdio.h>
| #ifdef HAVE_SYS_TYPES_H
| # include <sys/types.h>
| #endif
| #ifdef HAVE_SYS_STAT_H
| # include <sys/stat.h>
| #endif
| #ifdef STDC_HEADERS
| # include <stdlib.h>
| # include <stddef.h>
| #else
| # ifdef HAVE_STDLIB_H
| #  include <stdlib.h>
| # endif
| #endif
| #ifdef HAVE_STRING_H
| # if !defined STDC_HEADERS && defined HAVE_MEMORY_H
| #  include <memory.h>
| # endif
| # include <string.h>
| #endif
| #ifdef HAVE_STRINGS_H
| # include <strings.h>
| #endif
| #ifdef HAVE_INTTYPES_H
| # include <inttypes.h>
| #endif
| #ifdef HAVE_STDINT_H
| # include <stdint.h>
| #endif
| #ifdef HAVE_UNISTD_H
| # include <unistd.h>
| #endif
| int
| main ()
| {
| static int test_array [1 - 2 * !((int8_t) ((((int8_t) 1 << (8 - 2)) - 1) * 2 + 1)
| 		 < (int8_t) ((((int8_t) 1 << (8 - 2)) - 1) * 2 + 2))];
| test_array [0] = 0
| 
|   ;
|   return 0;
| }
configure:20596: result: yes
configure:20608: checking for mode_t
configure:20636: gcc -c   conftest.c >&5
configure:20643: $? = 0
configure:20670: gcc -c   conftest.c >&5
conftest.c: In function 'main':
conftest.c:77:21: error: expected expression before ')' token
 if (sizeof ((mode_t)))
                     ^
configure:20677: $? = 1
configure: failed program was:
| /* confdefs.h.  */
| #define PACKAGE_NAME "gens"
| #define PACKAGE_TARNAME "gens"
| #define PACKAGE_VERSION "2.16.7"
| #define PACKAGE_STRING "gens 2.16.7"
| #define PACKAGE_BUGREPORT "gerbilsoft@verizon.net"
| #define GENS_VERSION_WIN32 2,16,7,0
| #define GENS_GS_VERSION "r7"
| #define PACKAGE "gens"
| #define VERSION "2.16.7"
| #define STDC_HEADERS 1
| #define HAVE_SYS_TYPES_H 1
| #define HAVE_SYS_STAT_H 1
| #define HAVE_STDLIB_H 1
| #define HAVE_STRING_H 1
| #define HAVE_MEMORY_H 1
| #define HAVE_STRINGS_H 1
| #define HAVE_INTTYPES_H 1
| #define HAVE_STDINT_H 1
| #define HAVE_UNISTD_H 1
| #define HAVE_DLFCN_H 1
| #define LT_OBJDIR ".libs/"
| #define GENS_OS_LINUX 1
| #define GENS_OS_UNIX 1
| #define GENS_PLATFORM "Linux"
| #define HAVE_LIBX11 1
| #define GENS_UI_GTK 1
| #define GENS_X86_ASM 1
| #define GENS_DEBUGGER 1
| #define GENS_CDROM 1
| #define GENS_MP3 1
| #define GENS_OPENGL 1
| #define GENS_ZLIB 1
| #define GENS_PNG 1
| #define GENS_LZMA 1
| #define GSFT_HASHTABLE_TR1_UNORDERED_MAP 1
| #define HAVE_LIBRT 1
| #define HAVE__BOOL 1
| #define HAVE_STDBOOL_H 1
| /* end confdefs.h.  */
| #include <stdio.h>
| #ifdef HAVE_SYS_TYPES_H
| # include <sys/types.h>
| #endif
| #ifdef HAVE_SYS_STAT_H
| # include <sys/stat.h>
| #endif
| #ifdef STDC_HEADERS
| # include <stdlib.h>
| # include <stddef.h>
| #else
| # ifdef HAVE_STDLIB_H
| #  include <stdlib.h>
| # endif
| #endif
| #ifdef HAVE_STRING_H
| # if !defined STDC_HEADERS && defined HAVE_MEMORY_H
| #  include <memory.h>
| # endif
| # include <string.h>
| #endif
| #ifdef HAVE_STRINGS_H
| # include <strings.h>
| #endif
| #ifdef HAVE_INTTYPES_H
| # include <inttypes.h>
| #endif
| #ifdef HAVE_STDINT_H
| # include <stdint.h>
| #endif
| #ifdef HAVE_UNISTD_H
| # include <unistd.h>
| #endif
| int
| main ()
| {
| if (sizeof ((mode_t)))
| 	  return 0;
|   ;
|   return 0;
| }
configure:20700: result: yes
configure:20712: checking for C/C++ restrict keyword
configure:20747: gcc -c   conftest.c >&5
configure:20754: $? = 0
configure:20772: result: __restrict
configure:20788: checking for size_t
configure:20816: gcc -c   conftest.c >&5
configure:20823: $? = 0
configure:20850: gcc -c   conftest.c >&5
conftest.c: In function 'main':
conftest.c:78:21: error: expected expression before ')' token
 if (sizeof ((size_t)))
                     ^
configure:20857: $? = 1
configure: failed program was:
| /* confdefs.h.  */
| #define PACKAGE_NAME "gens"
| #define PACKAGE_TARNAME "gens"
| #define PACKAGE_VERSION "2.16.7"
| #define PACKAGE_STRING "gens 2.16.7"
| #define PACKAGE_BUGREPORT "gerbilsoft@verizon.net"
| #define GENS_VERSION_WIN32 2,16,7,0
| #define GENS_GS_VERSION "r7"
| #define PACKAGE "gens"
| #define VERSION "2.16.7"
| #define STDC_HEADERS 1
| #define HAVE_SYS_TYPES_H 1
| #define HAVE_SYS_STAT_H 1
| #define HAVE_STDLIB_H 1
| #define HAVE_STRING_H 1
| #define HAVE_MEMORY_H 1
| #define HAVE_STRINGS_H 1
| #define HAVE_INTTYPES_H 1
| #define HAVE_STDINT_H 1
| #define HAVE_UNISTD_H 1
| #define HAVE_DLFCN_H 1
| #define LT_OBJDIR ".libs/"
| #define GENS_OS_LINUX 1
| #define GENS_OS_UNIX 1
| #define GENS_PLATFORM "Linux"
| #define HAVE_LIBX11 1
| #define GENS_UI_GTK 1
| #define GENS_X86_ASM 1
| #define GENS_DEBUGGER 1
| #define GENS_CDROM 1
| #define GENS_MP3 1
| #define GENS_OPENGL 1
| #define GENS_ZLIB 1
| #define GENS_PNG 1
| #define GENS_LZMA 1
| #define GSFT_HASHTABLE_TR1_UNORDERED_MAP 1
| #define HAVE_LIBRT 1
| #define HAVE__BOOL 1
| #define HAVE_STDBOOL_H 1
| #define restrict __restrict
| /* end confdefs.h.  */
| #include <stdio.h>
| #ifdef HAVE_SYS_TYPES_H
| # include <sys/types.h>
| #endif
| #ifdef HAVE_SYS_STAT_H
| # include <sys/stat.h>
| #endif
| #ifdef STDC_HEADERS
| # include <stdlib.h>
| # include <stddef.h>
| #else
| # ifdef HAVE_STDLIB_H
| #  include <stdlib.h>
| # endif
| #endif
| #ifdef HAVE_STRING_H
| # if !defined STDC_HEADERS && defined HAVE_MEMORY_H
| #  include <memory.h>
| # endif
| # include <string.h>
| #endif
| #ifdef HAVE_STRINGS_H
| # include <strings.h>
| #endif
| #ifdef HAVE_INTTYPES_H
| # include <inttypes.h>
| #endif
| #ifdef HAVE_STDINT_H
| # include <stdint.h>
| #endif
| #ifdef HAVE_UNISTD_H
| # include <unistd.h>
| #endif
| int
| main ()
| {
| if (sizeof ((size_t)))
| 	  return 0;
|   ;
|   return 0;
| }
configure:20880: result: yes
configure:20893: checking for uint16_t
configure:20924: gcc -c   conftest.c >&5
configure:20931: $? = 0
configure:20952: result: yes
configure:20966: checking for uint32_t
configure:20997: gcc -c   conftest.c >&5
configure:21004: $? = 0
configure:21025: result: yes
configure:21043: checking for uint64_t
configure:21074: gcc -c   conftest.c >&5
configure:21081: $? = 0
configure:21102: result: yes
configure:21120: checking for uint8_t
configure:21151: gcc -c   conftest.c >&5
configure:21158: $? = 0
configure:21179: result: yes
configure:21196: checking for ptrdiff_t
configure:21224: gcc -c   conftest.c >&5
configure:21231: $? = 0
configure:21258: gcc -c   conftest.c >&5
conftest.c: In function 'main':
conftest.c:78:24: error: expected expression before ')' token
 if (sizeof ((ptrdiff_t)))
                        ^
configure:21265: $? = 1
configure: failed program was:
| /* confdefs.h.  */
| #define PACKAGE_NAME "gens"
| #define PACKAGE_TARNAME "gens"
| #define PACKAGE_VERSION "2.16.7"
| #define PACKAGE_STRING "gens 2.16.7"
| #define PACKAGE_BUGREPORT "gerbilsoft@verizon.net"
| #define GENS_VERSION_WIN32 2,16,7,0
| #define GENS_GS_VERSION "r7"
| #define PACKAGE "gens"
| #define VERSION "2.16.7"
| #define STDC_HEADERS 1
| #define HAVE_SYS_TYPES_H 1
| #define HAVE_SYS_STAT_H 1
| #define HAVE_STDLIB_H 1
| #define HAVE_STRING_H 1
| #define HAVE_MEMORY_H 1
| #define HAVE_STRINGS_H 1
| #define HAVE_INTTYPES_H 1
| #define HAVE_STDINT_H 1
| #define HAVE_UNISTD_H 1
| #define HAVE_DLFCN_H 1
| #define LT_OBJDIR ".libs/"
| #define GENS_OS_LINUX 1
| #define GENS_OS_UNIX 1
| #define GENS_PLATFORM "Linux"
| #define HAVE_LIBX11 1
| #define GENS_UI_GTK 1
| #define GENS_X86_ASM 1
| #define GENS_DEBUGGER 1
| #define GENS_CDROM 1
| #define GENS_MP3 1
| #define GENS_OPENGL 1
| #define GENS_ZLIB 1
| #define GENS_PNG 1
| #define GENS_LZMA 1
| #define GSFT_HASHTABLE_TR1_UNORDERED_MAP 1
| #define HAVE_LIBRT 1
| #define HAVE__BOOL 1
| #define HAVE_STDBOOL_H 1
| #define restrict __restrict
| /* end confdefs.h.  */
| #include <stdio.h>
| #ifdef HAVE_SYS_TYPES_H
| # include <sys/types.h>
| #endif
| #ifdef HAVE_SYS_STAT_H
| # include <sys/stat.h>
| #endif
| #ifdef STDC_HEADERS
| # include <stdlib.h>
| # include <stddef.h>
| #else
| # ifdef HAVE_STDLIB_H
| #  include <stdlib.h>
| # endif
| #endif
| #ifdef HAVE_STRING_H
| # if !defined STDC_HEADERS && defined HAVE_MEMORY_H
| #  include <memory.h>
| # endif
| # include <string.h>
| #endif
| #ifdef HAVE_STRINGS_H
| # include <strings.h>
| #endif
| #ifdef HAVE_INTTYPES_H
| # include <inttypes.h>
| #endif
| #ifdef HAVE_STDINT_H
| # include <stdint.h>
| #endif
| #ifdef HAVE_UNISTD_H
| # include <unistd.h>
| #endif
| int
| main ()
| {
| if (sizeof ((ptrdiff_t)))
| 	  return 0;
|   ;
|   return 0;
| }
configure:21288: result: yes
configure:21305: checking for strdup
configure:21361: gcc -o conftest   -Wl,-z,defs conftest.c  >&5
conftest.c:66:6: warning: conflicting types for built-in function 'strdup' [-Wbuiltin-declaration-mismatch]
 char strdup ();
      ^~~~~~
configure:21368: $? = 0
configure:21390: result: yes
configure:21417: checking for strsep
configure:21473: gcc -o conftest   -Wl,-z,defs conftest.c  >&5
configure:21480: $? = 0
configure:21502: result: yes
configure:21529: checking for strlcpy
configure:21585: gcc -o conftest   -Wl,-z,defs conftest.c  >&5
/usr/bin/ld: /tmp/ccKYxasZ.o: in function `main':
conftest.c:(.text+0xa): undefined reference to `strlcpy'
collect2: error: ld returned 1 exit status
configure:21592: $? = 1
configure: failed program was:
| /* confdefs.h.  */
| #define PACKAGE_NAME "gens"
| #define PACKAGE_TARNAME "gens"
| #define PACKAGE_VERSION "2.16.7"
| #define PACKAGE_STRING "gens 2.16.7"
| #define PACKAGE_BUGREPORT "gerbilsoft@verizon.net"
| #define GENS_VERSION_WIN32 2,16,7,0
| #define GENS_GS_VERSION "r7"
| #define PACKAGE "gens"
| #define VERSION "2.16.7"
| #define STDC_HEADERS 1
| #define HAVE_SYS_TYPES_H 1
| #define HAVE_SYS_STAT_H 1
| #define HAVE_STDLIB_H 1
| #define HAVE_STRING_H 1
| #define HAVE_MEMORY_H 1
| #define HAVE_STRINGS_H 1
| #define HAVE_INTTYPES_H 1
| #define HAVE_STDINT_H 1
| #define HAVE_UNISTD_H 1
| #define HAVE_DLFCN_H 1
| #define LT_OBJDIR ".libs/"
| #define GENS_OS_LINUX 1
| #define GENS_OS_UNIX 1
| #define GENS_PLATFORM "Linux"
| #define HAVE_LIBX11 1
| #define GENS_UI_GTK 1
| #define GENS_X86_ASM 1
| #define GENS_DEBUGGER 1
| #define GENS_CDROM 1
| #define GENS_MP3 1
| #define GENS_OPENGL 1
| #define GENS_ZLIB 1
| #define GENS_PNG 1
| #define GENS_LZMA 1
| #define GSFT_HASHTABLE_TR1_UNORDERED_MAP 1
| #define HAVE_LIBRT 1
| #define HAVE__BOOL 1
| #define HAVE_STDBOOL_H 1
| #define restrict __restrict
| #define HAVE_PTRDIFF_T 1
| #define HAVE_STRDUP 1
| #define HAVE_STRSEP 1
| /* end confdefs.h.  */
| /* Define strlcpy to an innocuous variant, in case <limits.h> declares strlcpy.
|    For example, HP-UX 11i <limits.h> declares gettimeofday.  */
| #define strlcpy innocuous_strlcpy
| 
| /* System header to define __stub macros and hopefully few prototypes,
|     which can conflict with char strlcpy (); below.
|     Prefer <limits.h> to <assert.h> if __STDC__ is defined, since
|     <limits.h> exists even on freestanding compilers.  */
| 
| #ifdef __STDC__
| # include <limits.h>
| #else
| # include <assert.h>
| #endif
| 
| #undef strlcpy
| 
| /* Override any GCC internal prototype to avoid an error.
|    Use char because int might match the return type of a GCC
|    builtin and then its argument prototype would still apply.  */
| #ifdef __cplusplus
| extern "C"
| #endif
| char strlcpy ();
| /* The GNU C library defines this for functions which it implements
|     to always fail with ENOSYS.  Some functions are actually named
|     something starting with __ and the normal name is an alias.  */
| #if defined __stub_strlcpy || defined __stub___strlcpy
| choke me
| #endif
| 
| int
| main ()
| {
| return strlcpy ();
|   ;
|   return 0;
| }
configure:21614: result: no
configure:21642: checking for strlcat
configure:21698: gcc -o conftest   -Wl,-z,defs conftest.c  >&5
/usr/bin/ld: /tmp/ccEeGKC3.o: in function `main':
conftest.c:(.text+0xa): undefined reference to `strlcat'
collect2: error: ld returned 1 exit status
configure:21705: $? = 1
configure: failed program was:
| /* confdefs.h.  */
| #define PACKAGE_NAME "gens"
| #define PACKAGE_TARNAME "gens"
| #define PACKAGE_VERSION "2.16.7"
| #define PACKAGE_STRING "gens 2.16.7"
| #define PACKAGE_BUGREPORT "gerbilsoft@verizon.net"
| #define GENS_VERSION_WIN32 2,16,7,0
| #define GENS_GS_VERSION "r7"
| #define PACKAGE "gens"
| #define VERSION "2.16.7"
| #define STDC_HEADERS 1
| #define HAVE_SYS_TYPES_H 1
| #define HAVE_SYS_STAT_H 1
| #define HAVE_STDLIB_H 1
| #define HAVE_STRING_H 1
| #define HAVE_MEMORY_H 1
| #define HAVE_STRINGS_H 1
| #define HAVE_INTTYPES_H 1
| #define HAVE_STDINT_H 1
| #define HAVE_UNISTD_H 1
| #define HAVE_DLFCN_H 1
| #define LT_OBJDIR ".libs/"
| #define GENS_OS_LINUX 1
| #define GENS_OS_UNIX 1
| #define GENS_PLATFORM "Linux"
| #define HAVE_LIBX11 1
| #define GENS_UI_GTK 1
| #define GENS_X86_ASM 1
| #define GENS_DEBUGGER 1
| #define GENS_CDROM 1
| #define GENS_MP3 1
| #define GENS_OPENGL 1
| #define GENS_ZLIB 1
| #define GENS_PNG 1
| #define GENS_LZMA 1
| #define GSFT_HASHTABLE_TR1_UNORDERED_MAP 1
| #define HAVE_LIBRT 1
| #define HAVE__BOOL 1
| #define HAVE_STDBOOL_H 1
| #define restrict __restrict
| #define HAVE_PTRDIFF_T 1
| #define HAVE_STRDUP 1
| #define HAVE_STRSEP 1
| /* end confdefs.h.  */
| /* Define strlcat to an innocuous variant, in case <limits.h> declares strlcat.
|    For example, HP-UX 11i <limits.h> declares gettimeofday.  */
| #define strlcat innocuous_strlcat
| 
| /* System header to define __stub macros and hopefully few prototypes,
|     which can conflict with char strlcat (); below.
|     Prefer <limits.h> to <assert.h> if __STDC__ is defined, since
|     <limits.h> exists even on freestanding compilers.  */
| 
| #ifdef __STDC__
| # include <limits.h>
| #else
| # include <assert.h>
| #endif
| 
| #undef strlcat
| 
| /* Override any GCC internal prototype to avoid an error.
|    Use char because int might match the return type of a GCC
|    builtin and then its argument prototype would still apply.  */
| #ifdef __cplusplus
| extern "C"
| #endif
| char strlcat ();
| /* The GNU C library defines this for functions which it implements
|     to always fail with ENOSYS.  Some functions are actually named
|     something starting with __ and the normal name is an alias.  */
| #if defined __stub_strlcat || defined __stub___strlcat
| choke me
| #endif
| 
| int
| main ()
| {
| return strlcat ();
|   ;
|   return 0;
| }
configure:21727: result: no
configure:21754: checking for sigaction
configure:21810: gcc -o conftest   -Wl,-z,defs conftest.c  >&5
configure:21817: $? = 0
configure:21839: result: yes
configure:21863: checking for X
configure:21978: gcc -E  conftest.c
configure:21985: $? = 0
configure:22034: gcc -o conftest   -Wl,-z,defs conftest.c -lX11  >&5
configure:22041: $? = 0
configure:22103: result: libraries , headers 
configure:22134: checking fcntl.h usability
configure:22151: gcc -c   conftest.c >&5
configure:22158: $? = 0
configure:22172: result: yes
configure:22176: checking fcntl.h presence
configure:22191: gcc -E  conftest.c
configure:22198: $? = 0
configure:22212: result: yes
configure:22245: checking for fcntl.h
configure:22254: result: yes
configure:22134: checking limits.h usability
configure:22151: gcc -c   conftest.c >&5
configure:22158: $? = 0
configure:22172: result: yes
configure:22176: checking limits.h presence
configure:22191: gcc -E  conftest.c
configure:22198: $? = 0
configure:22212: result: yes
configure:22245: checking for limits.h
configure:22254: result: yes
configure:22134: checking malloc.h usability
configure:22151: gcc -c   conftest.c >&5
configure:22158: $? = 0
configure:22172: result: yes
configure:22176: checking malloc.h presence
configure:22191: gcc -E  conftest.c
configure:22198: $? = 0
configure:22212: result: yes
configure:22245: checking for malloc.h
configure:22254: result: yes
configure:22134: checking stddef.h usability
configure:22151: gcc -c   conftest.c >&5
configure:22158: $? = 0
configure:22172: result: yes
configure:22176: checking stddef.h presence
configure:22191: gcc -E  conftest.c
configure:22198: $? = 0
configure:22212: result: yes
configure:22245: checking for stddef.h
configure:22254: result: yes
configure:22123: checking for stdint.h
configure:22130: result: yes
configure:22123: checking for stdlib.h
configure:22130: result: yes
configure:22123: checking for string.h
configure:22130: result: yes
configure:22123: checking for strings.h
configure:22130: result: yes
configure:22134: checking sys/ioctl.h usability
configure:22151: gcc -c   conftest.c >&5
configure:22158: $? = 0
configure:22172: result: yes
configure:22176: checking sys/ioctl.h presence
configure:22191: gcc -E  conftest.c
configure:22198: $? = 0
configure:22212: result: yes
configure:22245: checking for sys/ioctl.h
configure:22254: result: yes
configure:22134: checking sys/time.h usability
configure:22151: gcc -c   conftest.c >&5
configure:22158: $? = 0
configure:22172: result: yes
configure:22176: checking sys/time.h presence
configure:22191: gcc -E  conftest.c
configure:22198: $? = 0
configure:22212: result: yes
configure:22245: checking for sys/time.h
configure:22254: result: yes
configure:22123: checking for unistd.h
configure:22130: result: yes
configure:22134: checking wchar.h usability
configure:22151: gcc -c   conftest.c >&5
configure:22158: $? = 0
configure:22172: result: yes
configure:22176: checking wchar.h presence
configure:22191: gcc -E  conftest.c
configure:22198: $? = 0
configure:22212: result: yes
configure:22245: checking for wchar.h
configure:22254: result: yes
configure:22271: checking whether lstat dereferences a symlink specified with a trailing slash
configure:22345: result: no
configure:22366: checking for working alloca.h
configure:22393: gcc -o conftest   -Wl,-z,defs conftest.c  >&5
configure:22400: $? = 0
configure:22420: result: yes
configure:22430: checking for alloca
configure:22477: gcc -o conftest   -Wl,-z,defs conftest.c  >&5
configure:22484: $? = 0
configure:22504: result: yes
configure:22751: checking for getcwd
configure:22807: gcc -o conftest   -Wl,-z,defs conftest.c  >&5
configure:22814: $? = 0
configure:22836: result: yes
configure:22751: checking for gettimeofday
configure:22807: gcc -o conftest   -Wl,-z,defs conftest.c  >&5
configure:22814: $? = 0
configure:22836: result: yes
configure:22751: checking for memmove
configure:22807: gcc -o conftest   -Wl,-z,defs conftest.c  >&5
conftest.c:85:6: warning: conflicting types for built-in function 'memmove' [-Wbuiltin-declaration-mismatch]
 char memmove ();
      ^~~~~~~
configure:22814: $? = 0
configure:22836: result: yes
configure:22751: checking for memset
configure:22807: gcc -o conftest   -Wl,-z,defs conftest.c  >&5
conftest.c:86:6: warning: conflicting types for built-in function 'memset' [-Wbuiltin-declaration-mismatch]
 char memset ();
      ^~~~~~
configure:22814: $? = 0
configure:22836: result: yes
configure:22751: checking for mkdir
configure:22807: gcc -o conftest   -Wl,-z,defs conftest.c  >&5
configure:22814: $? = 0
configure:22836: result: yes
configure:22751: checking for pow
configure:22807: gcc -o conftest   -Wl,-z,defs conftest.c  >&5
conftest.c:88:6: warning: conflicting types for built-in function 'pow' [-Wbuiltin-declaration-mismatch]
 char pow ();
      ^~~
/usr/bin/ld: /tmp/cc6IjVzo.o: in function `main':
conftest.c:(.text+0xa): undefined reference to `pow'
collect2: error: ld returned 1 exit status
configure:22814: $? = 1
configure: failed program was:
| /* confdefs.h.  */
| #define PACKAGE_NAME "gens"
| #define PACKAGE_TARNAME "gens"
| #define PACKAGE_VERSION "2.16.7"
| #define PACKAGE_STRING "gens 2.16.7"
| #define PACKAGE_BUGREPORT "gerbilsoft@verizon.net"
| #define GENS_VERSION_WIN32 2,16,7,0
| #define GENS_GS_VERSION "r7"
| #define PACKAGE "gens"
| #define VERSION "2.16.7"
| #define STDC_HEADERS 1
| #define HAVE_SYS_TYPES_H 1
| #define HAVE_SYS_STAT_H 1
| #define HAVE_STDLIB_H 1
| #define HAVE_STRING_H 1
| #define HAVE_MEMORY_H 1
| #define HAVE_STRINGS_H 1
| #define HAVE_INTTYPES_H 1
| #define HAVE_STDINT_H 1
| #define HAVE_UNISTD_H 1
| #define HAVE_DLFCN_H 1
| #define LT_OBJDIR ".libs/"
| #define GENS_OS_LINUX 1
| #define GENS_OS_UNIX 1
| #define GENS_PLATFORM "Linux"
| #define HAVE_LIBX11 1
| #define GENS_UI_GTK 1
| #define GENS_X86_ASM 1
| #define GENS_DEBUGGER 1
| #define GENS_CDROM 1
| #define GENS_MP3 1
| #define GENS_OPENGL 1
| #define GENS_ZLIB 1
| #define GENS_PNG 1
| #define GENS_LZMA 1
| #define GSFT_HASHTABLE_TR1_UNORDERED_MAP 1
| #define HAVE_LIBRT 1
| #define HAVE__BOOL 1
| #define HAVE_STDBOOL_H 1
| #define restrict __restrict
| #define HAVE_PTRDIFF_T 1
| #define HAVE_STRDUP 1
| #define HAVE_STRSEP 1
| #define HAVE_SIGACTION 1
| #define HAVE_FCNTL_H 1
| #define HAVE_LIMITS_H 1
| #define HAVE_MALLOC_H 1
| #define HAVE_STDDEF_H 1
| #define HAVE_STDINT_H 1
| #define HAVE_STDLIB_H 1
| #define HAVE_STRING_H 1
| #define HAVE_STRINGS_H 1
| #define HAVE_SYS_IOCTL_H 1
| #define HAVE_SYS_TIME_H 1
| #define HAVE_UNISTD_H 1
| #define HAVE_WCHAR_H 1
| #define HAVE_ALLOCA_H 1
| #define HAVE_ALLOCA 1
| #define HAVE_GETCWD 1
| #define HAVE_GETTIMEOFDAY 1
| #define HAVE_MEMMOVE 1
| #define HAVE_MEMSET 1
| #define HAVE_MKDIR 1
| /* end confdefs.h.  */
| /* Define pow to an innocuous variant, in case <limits.h> declares pow.
|    For example, HP-UX 11i <limits.h> declares gettimeofday.  */
| #define pow innocuous_pow
| 
| /* System header to define __stub macros and hopefully few prototypes,
|     which can conflict with char pow (); below.
|     Prefer <limits.h> to <assert.h> if __STDC__ is defined, since
|     <limits.h> exists even on freestanding compilers.  */
| 
| #ifdef __STDC__
| # include <limits.h>
| #else
| # include <assert.h>
| #endif
| 
| #undef pow
| 
| /* Override any GCC internal prototype to avoid an error.
|    Use char because int might match the return type of a GCC
|    builtin and then its argument prototype would still apply.  */
| #ifdef __cplusplus
| extern "C"
| #endif
| char pow ();
| /* The GNU C library defines this for functions which it implements
|     to always fail with ENOSYS.  Some functions are actually named
|     something starting with __ and the normal name is an alias.  */
| #if defined __stub_pow || defined __stub___pow
| choke me
| #endif
| 
| int
| main ()
| {
| return pow ();
|   ;
|   return 0;
| }
configure:22836: result: no
configure:22751: checking for rint
configure:22807: gcc -o conftest   -Wl,-z,defs conftest.c  >&5
conftest.c:88:6: warning: conflicting types for built-in function 'rint' [-Wbuiltin-declaration-mismatch]
 char rint ();
      ^~~~
/usr/bin/ld: /tmp/ccCCc3tq.o: in function `main':
conftest.c:(.text+0xa): undefined reference to `rint'
collect2: error: ld returned 1 exit status
configure:22814: $? = 1
configure: failed program was:
| /* confdefs.h.  */
| #define PACKAGE_NAME "gens"
| #define PACKAGE_TARNAME "gens"
| #define PACKAGE_VERSION "2.16.7"
| #define PACKAGE_STRING "gens 2.16.7"
| #define PACKAGE_BUGREPORT "gerbilsoft@verizon.net"
| #define GENS_VERSION_WIN32 2,16,7,0
| #define GENS_GS_VERSION "r7"
| #define PACKAGE "gens"
| #define VERSION "2.16.7"
| #define STDC_HEADERS 1
| #define HAVE_SYS_TYPES_H 1
| #define HAVE_SYS_STAT_H 1
| #define HAVE_STDLIB_H 1
| #define HAVE_STRING_H 1
| #define HAVE_MEMORY_H 1
| #define HAVE_STRINGS_H 1
| #define HAVE_INTTYPES_H 1
| #define HAVE_STDINT_H 1
| #define HAVE_UNISTD_H 1
| #define HAVE_DLFCN_H 1
| #define LT_OBJDIR ".libs/"
| #define GENS_OS_LINUX 1
| #define GENS_OS_UNIX 1
| #define GENS_PLATFORM "Linux"
| #define HAVE_LIBX11 1
| #define GENS_UI_GTK 1
| #define GENS_X86_ASM 1
| #define GENS_DEBUGGER 1
| #define GENS_CDROM 1
| #define GENS_MP3 1
| #define GENS_OPENGL 1
| #define GENS_ZLIB 1
| #define GENS_PNG 1
| #define GENS_LZMA 1
| #define GSFT_HASHTABLE_TR1_UNORDERED_MAP 1
| #define HAVE_LIBRT 1
| #define HAVE__BOOL 1
| #define HAVE_STDBOOL_H 1
| #define restrict __restrict
| #define HAVE_PTRDIFF_T 1
| #define HAVE_STRDUP 1
| #define HAVE_STRSEP 1
| #define HAVE_SIGACTION 1
| #define HAVE_FCNTL_H 1
| #define HAVE_LIMITS_H 1
| #define HAVE_MALLOC_H 1
| #define HAVE_STDDEF_H 1
| #define HAVE_STDINT_H 1
| #define HAVE_STDLIB_H 1
| #define HAVE_STRING_H 1
| #define HAVE_STRINGS_H 1
| #define HAVE_SYS_IOCTL_H 1
| #define HAVE_SYS_TIME_H 1
| #define HAVE_UNISTD_H 1
| #define HAVE_WCHAR_H 1
| #define HAVE_ALLOCA_H 1
| #define HAVE_ALLOCA 1
| #define HAVE_GETCWD 1
| #define HAVE_GETTIMEOFDAY 1
| #define HAVE_MEMMOVE 1
| #define HAVE_MEMSET 1
| #define HAVE_MKDIR 1
| /* end confdefs.h.  */
| /* Define rint to an innocuous variant, in case <limits.h> declares rint.
|    For example, HP-UX 11i <limits.h> declares gettimeofday.  */
| #define rint innocuous_rint
| 
| /* System header to define __stub macros and hopefully few prototypes,
|     which can conflict with char rint (); below.
|     Prefer <limits.h> to <assert.h> if __STDC__ is defined, since
|     <limits.h> exists even on freestanding compilers.  */
| 
| #ifdef __STDC__
| # include <limits.h>
| #else
| # include <assert.h>
| #endif
| 
| #undef rint
| 
| /* Override any GCC internal prototype to avoid an error.
|    Use char because int might match the return type of a GCC
|    builtin and then its argument prototype would still apply.  */
| #ifdef __cplusplus
| extern "C"
| #endif
| char rint ();
| /* The GNU C library defines this for functions which it implements
|     to always fail with ENOSYS.  Some functions are actually named
|     something starting with __ and the normal name is an alias.  */
| #if defined __stub_rint || defined __stub___rint
| choke me
| #endif
| 
| int
| main ()
| {
| return rint ();
|   ;
|   return 0;
| }
configure:22836: result: no
configure:22857: checking for setenv
configure:22913: gcc -o conftest   -Wl,-z,defs conftest.c  >&5
configure:22920: $? = 0
configure:22942: result: yes
configure:22857: checking for sqrt
configure:22913: gcc -o conftest   -Wl,-z,defs conftest.c  >&5
conftest.c:89:6: warning: conflicting types for built-in function 'sqrt' [-Wbuiltin-declaration-mismatch]
 char sqrt ();
      ^~~~
/usr/bin/ld: /tmp/cc04Gl5z.o: in function `main':
conftest.c:(.text+0xa): undefined reference to `sqrt'
collect2: error: ld returned 1 exit status
configure:22920: $? = 1
configure: failed program was:
| /* confdefs.h.  */
| #define PACKAGE_NAME "gens"
| #define PACKAGE_TARNAME "gens"
| #define PACKAGE_VERSION "2.16.7"
| #define PACKAGE_STRING "gens 2.16.7"
| #define PACKAGE_BUGREPORT "gerbilsoft@verizon.net"
| #define GENS_VERSION_WIN32 2,16,7,0
| #define GENS_GS_VERSION "r7"
| #define PACKAGE "gens"
| #define VERSION "2.16.7"
| #define STDC_HEADERS 1
| #define HAVE_SYS_TYPES_H 1
| #define HAVE_SYS_STAT_H 1
| #define HAVE_STDLIB_H 1
| #define HAVE_STRING_H 1
| #define HAVE_MEMORY_H 1
| #define HAVE_STRINGS_H 1
| #define HAVE_INTTYPES_H 1
| #define HAVE_STDINT_H 1
| #define HAVE_UNISTD_H 1
| #define HAVE_DLFCN_H 1
| #define LT_OBJDIR ".libs/"
| #define GENS_OS_LINUX 1
| #define GENS_OS_UNIX 1
| #define GENS_PLATFORM "Linux"
| #define HAVE_LIBX11 1
| #define GENS_UI_GTK 1
| #define GENS_X86_ASM 1
| #define GENS_DEBUGGER 1
| #define GENS_CDROM 1
| #define GENS_MP3 1
| #define GENS_OPENGL 1
| #define GENS_ZLIB 1
| #define GENS_PNG 1
| #define GENS_LZMA 1
| #define GSFT_HASHTABLE_TR1_UNORDERED_MAP 1
| #define HAVE_LIBRT 1
| #define HAVE__BOOL 1
| #define HAVE_STDBOOL_H 1
| #define restrict __restrict
| #define HAVE_PTRDIFF_T 1
| #define HAVE_STRDUP 1
| #define HAVE_STRSEP 1
| #define HAVE_SIGACTION 1
| #define HAVE_FCNTL_H 1
| #define HAVE_LIMITS_H 1
| #define HAVE_MALLOC_H 1
| #define HAVE_STDDEF_H 1
| #define HAVE_STDINT_H 1
| #define HAVE_STDLIB_H 1
| #define HAVE_STRING_H 1
| #define HAVE_STRINGS_H 1
| #define HAVE_SYS_IOCTL_H 1
| #define HAVE_SYS_TIME_H 1
| #define HAVE_UNISTD_H 1
| #define HAVE_WCHAR_H 1
| #define HAVE_ALLOCA_H 1
| #define HAVE_ALLOCA 1
| #define HAVE_GETCWD 1
| #define HAVE_GETTIMEOFDAY 1
| #define HAVE_MEMMOVE 1
| #define HAVE_MEMSET 1
| #define HAVE_MKDIR 1
| #define HAVE_SETENV 1
| /* end confdefs.h.  */
| /* Define sqrt to an innocuous variant, in case <limits.h> declares sqrt.
|    For example, HP-UX 11i <limits.h> declares gettimeofday.  */
| #define sqrt innocuous_sqrt
| 
| /* System header to define __stub macros and hopefully few prototypes,
|     which can conflict with char sqrt (); below.
|     Prefer <limits.h> to <assert.h> if __STDC__ is defined, since
|     <limits.h> exists even on freestanding compilers.  */
| 
| #ifdef __STDC__
| # include <limits.h>
| #else
| # include <assert.h>
| #endif
| 
| #undef sqrt
| 
| /* Override any GCC internal prototype to avoid an error.
|    Use char because int might match the return type of a GCC
|    builtin and then its argument prototype would still apply.  */
| #ifdef __cplusplus
| extern "C"
| #endif
| char sqrt ();
| /* The GNU C library defines this for functions which it implements
|     to always fail with ENOSYS.  Some functions are actually named
|     something starting with __ and the normal name is an alias.  */
| #if defined __stub_sqrt || defined __stub___sqrt
| choke me
| #endif
| 
| int
| main ()
| {
| return sqrt ();
|   ;
|   return 0;
| }
configure:22942: result: no
configure:22857: checking for strcasecmp
configure:22913: gcc -o conftest   -Wl,-z,defs conftest.c  >&5
conftest.c:89:6: warning: conflicting types for built-in function 'strcasecmp' [-Wbuiltin-declaration-mismatch]
 char strcasecmp ();
      ^~~~~~~~~~
configure:22920: $? = 0
configure:22942: result: yes
configure:22857: checking for strchr
configure:22913: gcc -o conftest   -Wl,-z,defs conftest.c  >&5
conftest.c:90:6: warning: conflicting types for built-in function 'strchr' [-Wbuiltin-declaration-mismatch]
 char strchr ();
      ^~~~~~
configure:22920: $? = 0
configure:22942: result: yes
configure:22857: checking for strerror
configure:22913: gcc -o conftest   -Wl,-z,defs conftest.c  >&5
configure:22920: $? = 0
configure:22942: result: yes
configure:22857: checking for strncasecmp
configure:22913: gcc -o conftest   -Wl,-z,defs conftest.c  >&5
conftest.c:92:6: warning: conflicting types for built-in function 'strncasecmp' [-Wbuiltin-declaration-mismatch]
 char strncasecmp ();
      ^~~~~~~~~~~
configure:22920: $? = 0
configure:22942: result: yes
configure:22963: checking for strpbrk
configure:23019: gcc -o conftest   -Wl,-z,defs conftest.c  >&5
conftest.c:93:6: warning: conflicting types for built-in function 'strpbrk' [-Wbuiltin-declaration-mismatch]
 char strpbrk ();
      ^~~~~~~
configure:23026: $? = 0
configure:23048: result: yes
configure:22963: checking for strrchr
configure:23019: gcc -o conftest   -Wl,-z,defs conftest.c  >&5
conftest.c:94:6: warning: conflicting types for built-in function 'strrchr' [-Wbuiltin-declaration-mismatch]
 char strrchr ();
      ^~~~~~~
configure:23026: $? = 0
configure:23048: result: yes
configure:22963: checking for strspn
configure:23019: gcc -o conftest   -Wl,-z,defs conftest.c  >&5
conftest.c:95:6: warning: conflicting types for built-in function 'strspn' [-Wbuiltin-declaration-mismatch]
 char strspn ();
      ^~~~~~
configure:23026: $? = 0
configure:23048: result: yes
configure:22963: checking for strstr
configure:23019: gcc -o conftest   -Wl,-z,defs conftest.c  >&5
conftest.c:96:6: warning: conflicting types for built-in function 'strstr' [-Wbuiltin-declaration-mismatch]
 char strstr ();
      ^~~~~~
configure:23026: $? = 0
configure:23048: result: yes
configure:22963: checking for strtol
configure:23019: gcc -o conftest   -Wl,-z,defs conftest.c  >&5
configure:23026: $? = 0
configure:23048: result: yes
configure:22963: checking for strtoul
configure:23019: gcc -o conftest   -Wl,-z,defs conftest.c  >&5
configure:23026: $? = 0
configure:23048: result: yes
configure:23068: checking for iconv
configure:23124: gcc -o conftest   -Wl,-z,defs conftest.c  >&5
configure:23131: $? = 0
configure:23153: result: yes
configure:23658: creating ./config.status

## ---------------------- ##
## Running config.status. ##
## ---------------------- ##

This file was extended by gens config.status 2.16.7, which was
generated by GNU Autoconf 2.63.  Invocation command line was

  CONFIG_FILES    = 
  CONFIG_HEADERS  = 
  CONFIG_LINKS    = 
  CONFIG_COMMANDS = 
  $ ./config.status 

on probook0

config.status:1244: creating Makefile
config.status:1244: creating doc/Makefile
config.status:1244: creating images/Makefile
config.status:1244: creating xdg/Makefile
config.status:1244: creating src/Makefile
config.status:1244: creating src/extlib/Makefile
config.status:1244: creating src/extlib/libpng/Makefile
config.status:1244: creating src/extlib/lzma/Makefile
config.status:1244: creating src/extlib/minizip/Makefile
config.status:1244: creating src/extlib/mp3_dec/Makefile
config.status:1244: creating src/extlib/zlib/Makefile
config.status:1244: creating src/starscream/Makefile
config.status:1244: creating src/mdZ80/Makefile
config.status:1244: creating src/libgsft/Makefile
config.status:1244: creating src/cbob/Makefile
config.status:1244: creating src/gens/Makefile
config.status:1244: creating src/gens/plugins/Makefile
config.status:1244: creating src/gens/plugins/render/Makefile
config.status:1244: creating src/gens/plugins/render/double/Makefile
config.status:1244: creating src/gens/plugins/render/normal/Makefile
config.status:1244: creating src/gens/fw/Makefile
config.status:1244: creating src/mdp/Makefile
config.status:1244: creating src/mdp/mdp_test/Makefile
config.status:1244: creating src/mdp/misc/Makefile
config.status:1244: creating src/mdp/misc/game_genie/Makefile
config.status:1244: creating src/mdp/misc/ips_patcher/Makefile
config.status:1244: creating src/mdp/misc/sgens/Makefile
config.status:1244: creating src/mdp/misc/vdp_layer_options/Makefile
config.status:1244: creating src/mdp/render/2xsai/Makefile
config.status:1244: creating src/mdp/render/Makefile
config.status:1244: creating src/mdp/render/blargg_ntsc/Makefile
config.status:1244: creating src/mdp/render/epx/Makefile
config.status:1244: creating src/mdp/render/epx_plus/Makefile
config.status:1244: creating src/mdp/render/hq2x/Makefile
config.status:1244: creating src/mdp/render/hq3x/Makefile
config.status:1244: creating src/mdp/render/hq4x/Makefile
config.status:1244: creating src/mdp/render/interpolated/Makefile
config.status:1244: creating src/mdp/render/interpolated_scanline/Makefile
config.status:1244: creating src/mdp/render/interpolated_scanline_25/Makefile
config.status:1244: creating src/mdp/render/interpolated_scanline_50/Makefile
config.status:1244: creating src/mdp/render/scale2x/Makefile
config.status:1244: creating src/mdp/render/scale3x/Makefile
config.status:1244: creating src/mdp/render/scale4x/Makefile
config.status:1244: creating src/mdp/render/scanline/Makefile
config.status:1244: creating src/mdp/render/scanline_25/Makefile
config.status:1244: creating src/mdp/render/scanline_50/Makefile
config.status:1244: creating src/mdp/render/super_2xsai/Makefile
config.status:1244: creating src/mdp/render/super_eagle/Makefile
config.status:1244: creating config.h
config.status:1518: executing depfiles commands
config.status:1518: executing libtool commands

## ---------------- ##
## Cache variables. ##
## ---------------- ##

ac_cv_build=x86_64-pc-linux-gnu
ac_cv_c_compiler_gnu=yes
ac_cv_c_inline=inline
ac_cv_c_int16_t=yes
ac_cv_c_int32_t=yes
ac_cv_c_int64_t=yes
ac_cv_c_int8_t=yes
ac_cv_c_restrict=__restrict
ac_cv_c_uint16_t=yes
ac_cv_c_uint32_t=yes
ac_cv_c_uint64_t=yes
ac_cv_c_uint8_t=yes
ac_cv_cxx_compiler_gnu=yes
ac_cv_env_CCASFLAGS_set=
ac_cv_env_CCASFLAGS_value=
ac_cv_env_CCAS_set=
ac_cv_env_CCAS_value=
ac_cv_env_CCC_set=
ac_cv_env_CCC_value=
ac_cv_env_CC_set=
ac_cv_env_CC_value=
ac_cv_env_CFLAGS_set=set
ac_cv_env_CFLAGS_value=
ac_cv_env_CPPFLAGS_set=
ac_cv_env_CPPFLAGS_value=
ac_cv_env_CPP_set=
ac_cv_env_CPP_value=
ac_cv_env_CXXCPP_set=
ac_cv_env_CXXCPP_value=
ac_cv_env_CXXFLAGS_set=
ac_cv_env_CXXFLAGS_value=
ac_cv_env_CXX_set=
ac_cv_env_CXX_value=
ac_cv_env_LDFLAGS_set=set
ac_cv_env_LDFLAGS_value=-Wl,-z,defs
ac_cv_env_LIBS_set=
ac_cv_env_LIBS_value=
ac_cv_env_PKG_CONFIG_set=
ac_cv_env_PKG_CONFIG_value=
ac_cv_env_X11_CFLAGS_set=
ac_cv_env_X11_CFLAGS_value=
ac_cv_env_X11_LIBS_set=
ac_cv_env_X11_LIBS_value=
ac_cv_env_XMKMF_set=
ac_cv_env_XMKMF_value=
ac_cv_env_build_alias_set=set
ac_cv_env_build_alias_value=x86_64-linux-gnu
ac_cv_env_host_alias_set=set
ac_cv_env_host_alias_value=i686-linux-gnu
ac_cv_env_target_alias_set=
ac_cv_env_target_alias_value=
ac_cv_func_alloca_works=yes
ac_cv_func_getcwd=yes
ac_cv_func_gettimeofday=yes
ac_cv_func_iconv=yes
ac_cv_func_lstat_dereferences_slashed_symlink=no
ac_cv_func_memmove=yes
ac_cv_func_memset=yes
ac_cv_func_mkdir=yes
ac_cv_func_pow=no
ac_cv_func_rint=no
ac_cv_func_setenv=yes
ac_cv_func_sigaction=yes
ac_cv_func_sqrt=no
ac_cv_func_strcasecmp=yes
ac_cv_func_strchr=yes
ac_cv_func_strdup=yes
ac_cv_func_strerror=yes
ac_cv_func_strlcat=no
ac_cv_func_strlcpy=no
ac_cv_func_strncasecmp=yes
ac_cv_func_strpbrk=yes
ac_cv_func_strrchr=yes
ac_cv_func_strsep=yes
ac_cv_func_strspn=yes
ac_cv_func_strstr=yes
ac_cv_func_strtol=yes
ac_cv_func_strtoul=yes
ac_cv_have_x='have_x=yes	ac_x_includes='\'''\''	ac_x_libraries='\'''\'''
ac_cv_header_dlfcn_h=yes
ac_cv_header_fcntl_h=yes
ac_cv_header_inttypes_h=yes
ac_cv_header_limits_h=yes
ac_cv_header_malloc_h=yes
ac_cv_header_memory_h=yes
ac_cv_header_stdbool_h=yes
ac_cv_header_stdc=yes
ac_cv_header_stddef_h=yes
ac_cv_header_stdint_h=yes
ac_cv_header_stdlib_h=yes
ac_cv_header_string_h=yes
ac_cv_header_strings_h=yes
ac_cv_header_sys_ioctl_h=yes
ac_cv_header_sys_stat_h=yes
ac_cv_header_sys_time_h=yes
ac_cv_header_sys_types_h=yes
ac_cv_header_unistd_h=yes
ac_cv_header_wchar_h=yes
ac_cv_host=i686-pc-linux-gnu
ac_cv_lib_rt_clock_gettime=yes
ac_cv_objext=o
ac_cv_path_EGREP='/bin/grep -E'
ac_cv_path_FGREP='/bin/grep -F'
ac_cv_path_GREP=/bin/grep
ac_cv_path_NASM=/usr/bin/nasm
ac_cv_path_PKG_CONFIG=/usr/bin/i686-linux-gnu-pkg-config
ac_cv_path_SDL_CONFIG=/usr/bin/sdl-config
ac_cv_path_SED=/bin/sed
ac_cv_path_install='/usr/bin/install -c'
ac_cv_path_mkdir=/bin/mkdir
ac_cv_prog_AWK=gawk
ac_cv_prog_CC=gcc
ac_cv_prog_CPP='gcc -E'
ac_cv_prog_CXXCPP='g++ -E'
ac_cv_prog_RANLIB=ranlib
ac_cv_prog_STRIP=strip
ac_cv_prog_ac_ct_AR=ar
ac_cv_prog_ac_ct_CC=gcc
ac_cv_prog_ac_ct_CXX=g++
ac_cv_prog_ac_ct_DUMPBIN='link -dump -symbols'
ac_cv_prog_ac_ct_OBJDUMP=objdump
ac_cv_prog_ac_ct_RANLIB=ranlib
ac_cv_prog_ac_ct_STRIP=strip
ac_cv_prog_cc_c89=
ac_cv_prog_cc_c99=
ac_cv_prog_cc_g=yes
ac_cv_prog_cc_gcc_c_o=yes
ac_cv_prog_cxx_g=yes
ac_cv_prog_make_make_set=yes
ac_cv_target=i686-pc-linux-gnu
ac_cv_type__Bool=yes
ac_cv_type_mode_t=yes
ac_cv_type_ptrdiff_t=yes
ac_cv_type_size_t=yes
ac_cv_working_alloca_h=yes
am_cv_CCAS_dependencies_compiler_type=gcc3
am_cv_CC_dependencies_compiler_type=gcc3
am_cv_CXX_dependencies_compiler_type=gcc3
gsft_cv_cflags_gcc_option__Wall=yes
gsft_cv_cflags_gcc_option__Wextra=yes
gsft_cv_cxxflags_gcc_option__Wall=yes
gsft_cv_cxxflags_gcc_option__Wextra=yes
gsft_cv_ldflags_gcc_option___as_needed=yes
gsft_cv_ldflags_gcc_option___hash_style_both=yes
lt_cv_deplibs_check_method=pass_all
lt_cv_file_magic_cmd='$MAGIC_CMD'
lt_cv_file_magic_test_file=
lt_cv_ld_reload_flag=-r
lt_cv_nm_interface='BSD nm'
lt_cv_objdir=.libs
lt_cv_path_LD=/usr/bin/ld
lt_cv_path_LDCXX=/usr/bin/ld
lt_cv_path_NM=no
lt_cv_prog_compiler_c_o=yes
lt_cv_prog_compiler_c_o_CXX=yes
lt_cv_prog_compiler_pic_works=yes
lt_cv_prog_compiler_pic_works_CXX=yes
lt_cv_prog_compiler_rtti_exceptions=no
lt_cv_prog_compiler_static_works=yes
lt_cv_prog_compiler_static_works_CXX=yes
lt_cv_prog_gnu_ld=yes
lt_cv_prog_gnu_ldcxx=yes
lt_cv_sys_global_symbol_pipe=
lt_cv_sys_global_symbol_to_c_name_address='sed -n -e '\''s/^: \([^ ]*\) $/  {\"\1\", (void *) 0},/p'\'' -e '\''s/^[BCDEGRST]* \([^ ]*\) \([^ ]*\)$/  {"\2", (void *) \&\2},/p'\'''
lt_cv_sys_global_symbol_to_c_name_address_lib_prefix='sed -n -e '\''s/^: \([^ ]*\) $/  {\"\1\", (void *) 0},/p'\'' -e '\''s/^[BCDEGRST]* \([^ ]*\) \(lib[^ ]*\)$/  {"\2", (void *) \&\2},/p'\'' -e '\''s/^[BCDEGRST]* \([^ ]*\) \([^ ]*\)$/  {"lib\2", (void *) \&\2},/p'\'''
lt_cv_sys_global_symbol_to_cdecl=
lt_cv_sys_max_cmd_len=1572864
pkg_cv_X11_CFLAGS=
pkg_cv_X11_LIBS=-lX11

## ----------------- ##
## Output variables. ##
## ----------------- ##

ACLOCAL='${SHELL} /home/cjac/src/gens-gs-r7/missing --run aclocal-1.10'
ALLOCA=''
AMDEPBACKSLASH='\'
AMDEP_FALSE='#'
AMDEP_TRUE=''
AMTAR='${SHELL} /home/cjac/src/gens-gs-r7/missing --run tar'
AM_CFLAGS=' -Wall -Wextra -march=i686 -O2  '
AM_CPPFLAGS=''
AM_CXXFLAGS=' -Wall -Wextra -march=i686 -O2   -fvisibility-inlines-hidden'
AM_LDFLAGS=' -Wl,--as-needed -Wl,--hash-style=both  '
AR='ar'
AUTOCONF='${SHELL} /home/cjac/src/gens-gs-r7/missing --run autoconf'
AUTOHEADER='${SHELL} /home/cjac/src/gens-gs-r7/missing --run autoheader'
AUTOMAKE='${SHELL} /home/cjac/src/gens-gs-r7/missing --run automake-1.10'
AWK='gawk'
CC='gcc'
CCAS='gcc'
CCASDEPMODE='depmode=gcc3'
CCASFLAGS=''
CCDEPMODE='depmode=gcc3'
CFLAGS=''
CPP='gcc -E'
CPPFLAGS=''
CXX='g++'
CXXCPP='g++ -E'
CXXDEPMODE='depmode=gcc3'
CXXFLAGS='-g -O2'
CYGPATH_W='echo'
DEFS='-DHAVE_CONFIG_H'
DEPDIR='.deps'
DSYMUTIL=''
DUMPBIN='link -dump -symbols'
ECHO_C=''
ECHO_N='-n'
ECHO_T=''
EGREP='/bin/grep -E'
EXEEXT=''
FGREP='/bin/grep -F'
GENS_CDROM_FALSE='#'
GENS_CDROM_TRUE=''
GENS_DEBUGGER_FALSE='#'
GENS_DEBUGGER_TRUE=''
GENS_DEBUG_FALSE=''
GENS_DEBUG_TRUE='#'
GENS_LZMA_FALSE='#'
GENS_LZMA_TRUE=''
GENS_MP3_FALSE='#'
GENS_MP3_TRUE=''
GENS_OBJ_ELF32_FALSE='#'
GENS_OBJ_ELF32_TRUE=''
GENS_OBJ_ELF64_FALSE=''
GENS_OBJ_ELF64_TRUE='#'
GENS_OBJ_MACHO_FALSE=''
GENS_OBJ_MACHO_TRUE='#'
GENS_OBJ_WIN32_FALSE=''
GENS_OBJ_WIN32_TRUE='#'
GENS_OPENGL_FALSE='#'
GENS_OPENGL_TRUE=''
GENS_OS_HAIKU_FALSE=''
GENS_OS_HAIKU_TRUE='#'
GENS_OS_LINUX_FALSE='#'
GENS_OS_LINUX_TRUE=''
GENS_OS_MACOSX_FALSE=''
GENS_OS_MACOSX_TRUE='#'
GENS_OS_UNIX_FALSE='#'
GENS_OS_UNIX_TRUE=''
GENS_OS_WIN32_FALSE=''
GENS_OS_WIN32_TRUE='#'
GENS_PNG_DLOPEN_FALSE=''
GENS_PNG_DLOPEN_TRUE='#'
GENS_PNG_FALSE='#'
GENS_PNG_INTERNAL_FALSE=''
GENS_PNG_INTERNAL_TRUE='#'
GENS_PNG_TRUE=''
GENS_UI_GTK_FALSE='#'
GENS_UI_GTK_TRUE=''
GENS_UI_WIN32_FALSE=''
GENS_UI_WIN32_TRUE='#'
GENS_WIN32_CONSOLE_FALSE=''
GENS_WIN32_CONSOLE_TRUE='#'
GENS_X86_ASM_FALSE='#'
GENS_X86_ASM_TRUE=''
GENS_ZLIB_FALSE='#'
GENS_ZLIB_INTERNAL_FALSE=''
GENS_ZLIB_INTERNAL_TRUE='#'
GENS_ZLIB_TRUE=''
GETTIMEFLAG=''
GL_LIBS='-lGL'
GREP='/bin/grep'
GTK_CFLAGS='-pthread -I/usr/include/gtk-2.0 -I/usr/lib/i386-linux-gnu/gtk-2.0/include -I/usr/include/gio-unix-2.0/ -I/usr/include/cairo -I/usr/include/pango-1.0 -I/usr/include/atk-1.0 -I/usr/include/cairo -I/usr/include/pixman-1 -I/usr/include/gdk-pixbuf-2.0 -I/usr/include/pango-1.0 -I/usr/include/harfbuzz -I/usr/include/pango-1.0 -I/usr/include/fribidi -I/usr/include/glib-2.0 -I/usr/lib/i386-linux-gnu/glib-2.0/include -I/usr/include/uuid -I/usr/include/freetype2 -I/usr/include/libpng16 -DGTK_DISABLE_DEPRECATED -DDISABLE_DEPRECATED -DGSEAL_ENABLE'
GTK_LIBS='-lgtk-x11-2.0 -lgdk-x11-2.0 -lpangocairo-1.0 -latk-1.0 -lcairo -lgdk_pixbuf-2.0 -lgio-2.0 -lpangoft2-1.0 -lpango-1.0 -lgobject-2.0 -lglib-2.0 -lfontconfig -lfreetype'
HAVE_ICONV_FALSE='#'
HAVE_ICONV_TRUE=''
HAVE_LIBRT_FALSE='#'
HAVE_LIBRT_TRUE=''
HAVE_LIBX11_FALSE='#'
HAVE_LIBX11_TRUE=''
HAVE_SIGACTION_FALSE='#'
HAVE_SIGACTION_TRUE=''
HAVE_STRDUP_FALSE='#'
HAVE_STRDUP_TRUE=''
HAVE_STRLCAT_FALSE=''
HAVE_STRLCAT_TRUE='#'
HAVE_STRLCPY_FALSE=''
HAVE_STRLCPY_TRUE='#'
HAVE_STRSEP_FALSE='#'
HAVE_STRSEP_TRUE=''
ICONV_LIBS=''
INSTALL_DATA='${INSTALL} -m 644'
INSTALL_PROGRAM='${INSTALL}'
INSTALL_SCRIPT='${INSTALL}'
INSTALL_STRIP_PROGRAM='$(install_sh) -c -s'
LD='/usr/bin/ld'
LDFLAGS='-Wl,-z,defs'
LIBOBJS=' ${LIBOBJDIR}lstat$U.o'
LIBS=''
LIBTOOL='$(SHELL) $(top_builddir)/libtool'
LIPO=''
LN_S='ln -s'
LTLIBOBJS=' ${LIBOBJDIR}lstat$U.lo'
MAKEINFO='${SHELL} /home/cjac/src/gens-gs-r7/missing --run makeinfo'
MKDIR_P='/bin/mkdir -p'
NASM='/usr/bin/nasm -O99 -f elf -D __GCC2  -I$(top_srcdir)/src/ -w-orphan-labels'
NM='link -dump -symbols'
NMEDIT=''
OBJDUMP='objdump'
OBJEXT='o'
OTOOL64=''
OTOOL=''
PACKAGE='gens'
PACKAGE_BUGREPORT='gerbilsoft@verizon.net'
PACKAGE_NAME='gens'
PACKAGE_STRING='gens 2.16.7'
PACKAGE_TARNAME='gens'
PACKAGE_VERSION='2.16.7'
PATH_SEPARATOR=':'
PKG_CONFIG='/usr/bin/i686-linux-gnu-pkg-config'
PNG_LIBS='-lpng'
RANLIB='ranlib'
RC=''
RT_LIBS='-lrt'
SDL_CFLAGS='-I/usr/include/SDL -D_GNU_SOURCE=1 -D_REENTRANT'
SDL_CONFIG='/usr/bin/sdl-config'
SDL_LIBS='-L/usr/lib/i386-linux-gnu -lSDL'
SED='/bin/sed'
SET_MAKE=''
SHELL='/bin/bash'
STRIP='strip'
VERSION='2.16.7'
X11_CFLAGS=''
X11_LIBS='-lX11'
XMKMF=''
YASM=''
ac_ct_CC='gcc'
ac_ct_CXX='g++'
ac_ct_DUMPBIN='link -dump -symbols'
am__fastdepCCAS_FALSE='#'
am__fastdepCCAS_TRUE=''
am__fastdepCC_FALSE='#'
am__fastdepCC_TRUE=''
am__fastdepCXX_FALSE='#'
am__fastdepCXX_TRUE=''
am__include='include'
am__isrc=''
am__leading_dot='.'
am__quote=''
am__tar='${AMTAR} chof - "$$tardir"'
am__untar='${AMTAR} xf -'
bindir='${exec_prefix}/bin'
build='x86_64-pc-linux-gnu'
build_alias='x86_64-linux-gnu'
build_cpu='x86_64'
build_os='linux-gnu'
build_vendor='pc'
datadir='${datarootdir}'
datarootdir='${prefix}/share'
docdir='${datarootdir}/doc/${PACKAGE_TARNAME}'
dvidir='${docdir}'
exec_prefix='${prefix}'
host='i686-pc-linux-gnu'
host_alias='i686-linux-gnu'
host_cpu='i686'
host_os='linux-gnu'
host_vendor='pc'
htmldir='${docdir}'
includedir='${prefix}/include'
infodir='${prefix}/share/info'
install_sh='$(SHELL) /home/cjac/src/gens-gs-r7/install-sh'
libdir='${exec_prefix}/lib'
libexecdir='${exec_prefix}/libexec'
localedir='${datarootdir}/locale'
localstatedir='${prefix}/var'
lt_ECHO='echo'
mandir='${prefix}/share/man'
mkdir_p='/bin/mkdir -p'
oldincludedir='/usr/include'
pdfdir='${docdir}'
prefix='/usr'
program_transform_name='s,x,x,'
psdir='${docdir}'
sbindir='${exec_prefix}/sbin'
sharedstatedir='${prefix}/com'
sysconfdir='${prefix}/etc'
target='i686-pc-linux-gnu'
target_alias=''
target_cpu='i686'
target_os='linux-gnu'
target_vendor='pc'

## ----------- ##
## confdefs.h. ##
## ----------- ##

#define PACKAGE_NAME "gens"
#define PACKAGE_TARNAME "gens"
#define PACKAGE_VERSION "2.16.7"
#define PACKAGE_STRING "gens 2.16.7"
#define PACKAGE_BUGREPORT "gerbilsoft@verizon.net"
#define GENS_VERSION_WIN32 2,16,7,0
#define GENS_GS_VERSION "r7"
#define PACKAGE "gens"
#define VERSION "2.16.7"
#define STDC_HEADERS 1
#define HAVE_SYS_TYPES_H 1
#define HAVE_SYS_STAT_H 1
#define HAVE_STDLIB_H 1
#define HAVE_STRING_H 1
#define HAVE_MEMORY_H 1
#define HAVE_STRINGS_H 1
#define HAVE_INTTYPES_H 1
#define HAVE_STDINT_H 1
#define HAVE_UNISTD_H 1
#define HAVE_DLFCN_H 1
#define LT_OBJDIR ".libs/"
#define GENS_OS_LINUX 1
#define GENS_OS_UNIX 1
#define GENS_PLATFORM "Linux"
#define HAVE_LIBX11 1
#define GENS_UI_GTK 1
#define GENS_X86_ASM 1
#define GENS_DEBUGGER 1
#define GENS_CDROM 1
#define GENS_MP3 1
#define GENS_OPENGL 1
#define GENS_ZLIB 1
#define GENS_PNG 1
#define GENS_LZMA 1
#define GSFT_HASHTABLE_TR1_UNORDERED_MAP 1
#define HAVE_LIBRT 1
#define HAVE__BOOL 1
#define HAVE_STDBOOL_H 1
#define restrict __restrict
#define HAVE_PTRDIFF_T 1
#define HAVE_STRDUP 1
#define HAVE_STRSEP 1
#define HAVE_SIGACTION 1
#define HAVE_FCNTL_H 1
#define HAVE_LIMITS_H 1
#define HAVE_MALLOC_H 1
#define HAVE_STDDEF_H 1
#define HAVE_STDINT_H 1
#define HAVE_STDLIB_H 1
#define HAVE_STRING_H 1
#define HAVE_STRINGS_H 1
#define HAVE_SYS_IOCTL_H 1
#define HAVE_SYS_TIME_H 1
#define HAVE_UNISTD_H 1
#define HAVE_WCHAR_H 1
#define HAVE_ALLOCA_H 1
#define HAVE_ALLOCA 1
#define HAVE_GETCWD 1
#define HAVE_GETTIMEOFDAY 1
#define HAVE_MEMMOVE 1
#define HAVE_MEMSET 1
#define HAVE_MKDIR 1
#define HAVE_SETENV 1
#define HAVE_STRCASECMP 1
#define HAVE_STRCHR 1
#define HAVE_STRERROR 1
#define HAVE_STRNCASECMP 1
#define HAVE_STRPBRK 1
#define HAVE_STRRCHR 1
#define HAVE_STRSPN 1
#define HAVE_STRSTR 1
#define HAVE_STRTOL 1
#define HAVE_STRTOUL 1
#define HAVE_ICONV 1

configure: exit 0
